# JRE version: OpenJDK Runtime Environment (8.0_212-b04) (build 1.8.0_212-release-1586-b04)
# Java VM: OpenJDK 64-Bit Server VM (25.212-b04 mixed mode windows-amd64 compressed oops)
Heap:
 PSYoungGen      total 175104K, used 50076K [0x00000000e0000000, 0x00000000eeb00000, 0x0000000100000000)
  eden space 128000K, 16% used [0x00000000e0000000,0x00000000e1422e48,0x00000000e7d00000)
  from space 47104K, 62% used [0x00000000ebd00000,0x00000000ed9c4560,0x00000000eeb00000)
  to   space 48640K, 0% used [0x00000000e7d00000,0x00000000e7d00000,0x00000000eac80000)
 ParOldGen       total 174080K, used 58504K [0x00000000a0000000, 0x00000000aaa00000, 0x00000000e0000000)
  object space 174080K, 33% used [0x00000000a0000000,0x00000000a3922118,0x00000000aaa00000)
 Metaspace       used 105815K, capacity 111660K, committed 112000K, reserved 1146880K
  class space    used 13482K, capacity 14628K, committed 14720K, reserved 1048576K
GC Heap History (10 events):
Event: 1909.145 GC heap before
{Heap before GC invocations=36 (full 3):
 PSYoungGen      total 158208K, used 150571K [0x00000000e0000000, 0x00000000ecd80000, 0x0000000100000000)
  eden space 113664K, 100% used [0x00000000e0000000,0x00000000e6f00000,0x00000000e6f00000)
  from space 44544K, 82% used [0x00000000e9e00000,0x00000000ec20af98,0x00000000ec980000)
  to   space 48128K, 0% used [0x00000000e6f00000,0x00000000e6f00000,0x00000000e9e00000)
 ParOldGen       total 126464K, used 73830K [0x00000000a0000000, 0x00000000a7b80000, 0x00000000e0000000)
  object space 126464K, 58% used [0x00000000a0000000,0x00000000a4819968,0x00000000a7b80000)
 Metaspace       used 91993K, capacity 97468K, committed 97536K, reserved 1134592K
  class space    used 11728K, capacity 12791K, committed 12800K, reserved 1048576K
Event: 1909.203 GC heap after
Heap after GC invocations=36 (full 3):
 PSYoungGen      total 161792K, used 30423K [0x00000000e0000000, 0x00000000edc00000, 0x0000000100000000)
  eden space 113664K, 0% used [0x00000000e0000000,0x00000000e0000000,0x00000000e6f00000)
  from space 48128K, 63% used [0x00000000e6f00000,0x00000000e8cb5ea0,0x00000000e9e00000)
  to   space 48640K, 0% used [0x00000000eac80000,0x00000000eac80000,0x00000000edc00000)
 ParOldGen       total 126464K, used 73838K [0x00000000a0000000, 0x00000000a7b80000, 0x00000000e0000000)
  object space 126464K, 58% used [0x00000000a0000000,0x00000000a481b968,0x00000000a7b80000)
 Metaspace       used 91993K, capacity 97468K, committed 97536K, reserved 1134592K
  class space    used 11728K, capacity 12791K, committed 12800K, reserved 1048576K
}
Event: 1911.130 GC heap before
{Heap before GC invocations=37 (full 3):
 PSYoungGen      total 161792K, used 87057K [0x00000000e0000000, 0x00000000edc00000, 0x0000000100000000)
  eden space 113664K, 49% used [0x00000000e0000000,0x00000000e374e618,0x00000000e6f00000)
  from space 48128K, 63% used [0x00000000e6f00000,0x00000000e8cb5ea0,0x00000000e9e00000)
  to   space 48640K, 0% used [0x00000000eac80000,0x00000000eac80000,0x00000000edc00000)
 ParOldGen       total 126464K, used 73838K [0x00000000a0000000, 0x00000000a7b80000, 0x00000000e0000000)
  object space 126464K, 58% used [0x00000000a0000000,0x00000000a481b968,0x00000000a7b80000)
 Metaspace       used 93154K, capacity 98436K, committed 98560K, reserved 1134592K
  class space    used 11898K, capacity 12921K, committed 12928K, reserved 1048576K
Event: 1911.169 GC heap after
Heap after GC invocations=37 (full 3):
 PSYoungGen      total 176640K, used 29671K [0x00000000e0000000, 0x00000000edd00000, 0x0000000100000000)
  eden space 128000K, 0% used [0x00000000e0000000,0x00000000e0000000,0x00000000e7d00000)
  from space 48640K, 61% used [0x00000000eac80000,0x00000000ec979e90,0x00000000edc00000)
  to   space 48640K, 0% used [0x00000000e7d00000,0x00000000e7d00000,0x00000000eac80000)
 ParOldGen       total 126464K, used 74558K [0x00000000a0000000, 0x00000000a7b80000, 0x00000000e0000000)
  object space 126464K, 58% used [0x00000000a0000000,0x00000000a48cf988,0x00000000a7b80000)
 Metaspace       used 93154K, capacity 98436K, committed 98560K, reserved 1134592K
  class space    used 11898K, capacity 12921K, committed 12928K, reserved 1048576K
}
Event: 1911.169 GC heap before
{Heap before GC invocations=38 (full 4):
 PSYoungGen      total 176640K, used 29671K [0x00000000e0000000, 0x00000000edd00000, 0x0000000100000000)
  eden space 128000K, 0% used [0x00000000e0000000,0x00000000e0000000,0x00000000e7d00000)
  from space 48640K, 61% used [0x00000000eac80000,0x00000000ec979e90,0x00000000edc00000)
  to   space 48640K, 0% used [0x00000000e7d00000,0x00000000e7d00000,0x00000000eac80000)
 ParOldGen       total 126464K, used 74558K [0x00000000a0000000, 0x00000000a7b80000, 0x00000000e0000000)
  object space 126464K, 58% used [0x00000000a0000000,0x00000000a48cf988,0x00000000a7b80000)
 Metaspace       used 93154K, capacity 98436K, committed 98560K, reserved 1134592K
  class space    used 11898K, capacity 12921K, committed 12928K, reserved 1048576K
Event: 1911.636 GC heap after
Heap after GC invocations=38 (full 4):
 PSYoungGen      total 176640K, used 0K [0x00000000e0000000, 0x00000000edd00000, 0x0000000100000000)
  eden space 128000K, 0% used [0x00000000e0000000,0x00000000e0000000,0x00000000e7d00000)
  from space 48640K, 0% used [0x00000000eac80000,0x00000000eac80000,0x00000000edc00000)
  to   space 48640K, 0% used [0x00000000e7d00000,0x00000000e7d00000,0x00000000eac80000)
 ParOldGen       total 174080K, used 58488K [0x00000000a0000000, 0x00000000aaa00000, 0x00000000e0000000)
  object space 174080K, 33% used [0x00000000a0000000,0x00000000a391e118,0x00000000aaa00000)
 Metaspace       used 92824K, capacity 97634K, committed 98560K, reserved 1134592K
  class space    used 11805K, capacity 12741K, committed 12928K, reserved 1048576K
}
Event: 1917.444 GC heap before
{Heap before GC invocations=39 (full 4):
 PSYoungGen      total 176640K, used 128000K [0x00000000e0000000, 0x00000000edd00000, 0x0000000100000000)
  eden space 128000K, 100% used [0x00000000e0000000,0x00000000e7d00000,0x00000000e7d00000)
  from space 48640K, 0% used [0x00000000eac80000,0x00000000eac80000,0x00000000edc00000)
  to   space 48640K, 0% used [0x00000000e7d00000,0x00000000e7d00000,0x00000000eac80000)
 ParOldGen       total 174080K, used 58488K [0x00000000a0000000, 0x00000000aaa00000, 0x00000000e0000000)
  object space 174080K, 33% used [0x00000000a0000000,0x00000000a391e118,0x00000000aaa00000)
 Metaspace       used 98263K, capacity 103282K, committed 103936K, reserved 1140736K
  class space    used 12418K, capacity 13447K, committed 13568K, reserved 1048576K
Event: 1917.500 GC heap after
Heap after GC invocations=39 (full 4):
 PSYoungGen      total 176640K, used 16934K [0x00000000e0000000, 0x00000000eeb00000, 0x0000000100000000)
  eden space 128000K, 0% used [0x00000000e0000000,0x00000000e0000000,0x00000000e7d00000)
  from space 48640K, 34% used [0x00000000e7d00000,0x00000000e8d898b8,0x00000000eac80000)
  to   space 47104K, 0% used [0x00000000ebd00000,0x00000000ebd00000,0x00000000eeb00000)
 ParOldGen       total 174080K, used 58496K [0x00000000a0000000, 0x00000000aaa00000, 0x00000000e0000000)
  object space 174080K, 33% used [0x00000000a0000000,0x00000000a3920118,0x00000000aaa00000)
 Metaspace       used 98263K, capacity 103282K, committed 103936K, reserved 1140736K
  class space    used 12418K, capacity 13447K, committed 13568K, reserved 1048576K
}
Event: 1920.909 GC heap before
{Heap before GC invocations=40 (full 4):
 PSYoungGen      total 176640K, used 144934K [0x00000000e0000000, 0x00000000eeb00000, 0x0000000100000000)
  eden space 128000K, 100% used [0x00000000e0000000,0x00000000e7d00000,0x00000000e7d00000)
  from space 48640K, 34% used [0x00000000e7d00000,0x00000000e8d898b8,0x00000000eac80000)
  to   space 47104K, 0% used [0x00000000ebd00000,0x00000000ebd00000,0x00000000eeb00000)
 ParOldGen       total 174080K, used 58496K [0x00000000a0000000, 0x00000000aaa00000, 0x00000000e0000000)
  object space 174080K, 33% used [0x00000000a0000000,0x00000000a3920118,0x00000000aaa00000)
 Metaspace       used 104954K, capacity 110626K, committed 110848K, reserved 1144832K
  class space    used 13370K, capacity 14465K, committed 14592K, reserved 1048576K
Event: 1920.979 GC heap after
Heap after GC invocations=40 (full 4):
 PSYoungGen      total 175104K, used 29457K [0x00000000e0000000, 0x00000000eeb00000, 0x0000000100000000)
  eden space 128000K, 0% used [0x00000000e0000000,0x00000000e0000000,0x00000000e7d00000)
  from space 47104K, 62% used [0x00000000ebd00000,0x00000000ed9c4560,0x00000000eeb00000)
  to   space 48640K, 0% used [0x00000000e7d00000,0x00000000e7d00000,0x00000000eac80000)
 ParOldGen       total 174080K, used 58504K [0x00000000a0000000, 0x00000000aaa00000, 0x00000000e0000000)
  object space 174080K, 33% used [0x00000000a0000000,0x00000000a3922118,0x00000000aaa00000)
 Metaspace       used 104954K, capacity 110626K, committed 110848K, reserved 1144832K
  class space    used 13370K, capacity 14465K, committed 14592K, reserved 1048576K
}

