# JRE version: OpenJDK Runtime Environment (8.0_212-b04) (build 1.8.0_212-release-1586-b04)
# Java VM: OpenJDK 64-Bit Server VM (25.212-b04 mixed mode windows-amd64 compressed oops)
Heap:
 PSYoungGen      total 245760K, used 39957K [0x00000000e0000000, 0x00000000eff80000, 0x0000000100000000)
  eden space 229888K, 10% used [0x00000000e0000000,0x00000000e1785ec0,0x00000000ee080000)
  from space 15872K, 99% used [0x00000000ee080000,0x00000000eefff598,0x00000000ef000000)
  to   space 12800K, 0% used [0x00000000ef300000,0x00000000ef300000,0x00000000eff80000)
 ParOldGen       total 76800K, used 31075K [0x00000000a0000000, 0x00000000a4b00000, 0x00000000e0000000)
  object space 76800K, 40% used [0x00000000a0000000,0x00000000a1e58f48,0x00000000a4b00000)
 Metaspace       used 55468K, capacity 57372K, committed 57600K, reserved 1099776K
  class space    used 7483K, capacity 7917K, committed 7936K, reserved 1048576K
GC Heap History (10 events):
Event: 9.455 GC heap before
{Heap before GC invocations=7 (full 1):
 PSYoungGen      total 142336K, used 5561K [0x00000000e0000000, 0x00000000e9800000, 0x0000000100000000)
  eden space 131072K, 0% used [0x00000000e0000000,0x00000000e0000000,0x00000000e8000000)
  from space 11264K, 49% used [0x00000000e8d00000,0x00000000e926e790,0x00000000e9800000)
  to   space 12288K, 0% used [0x00000000e8000000,0x00000000e8000000,0x00000000e8c00000)
 ParOldGen       total 86016K, used 11239K [0x00000000a0000000, 0x00000000a5400000, 0x00000000e0000000)
  object space 86016K, 13% used [0x00000000a0000000,0x00000000a0af9e90,0x00000000a5400000)
 Metaspace       used 20772K, capacity 21238K, committed 21296K, reserved 1067008K
  class space    used 3007K, capacity 3168K, committed 3200K, reserved 1048576K
Event: 9.580 GC heap after
Heap after GC invocations=7 (full 1):
 PSYoungGen      total 142336K, used 0K [0x00000000e0000000, 0x00000000e9800000, 0x0000000100000000)
  eden space 131072K, 0% used [0x00000000e0000000,0x00000000e0000000,0x00000000e8000000)
  from space 11264K, 0% used [0x00000000e8d00000,0x00000000e8d00000,0x00000000e9800000)
  to   space 12288K, 0% used [0x00000000e8000000,0x00000000e8000000,0x00000000e8c00000)
 ParOldGen       total 53760K, used 7845K [0x00000000a0000000, 0x00000000a3480000, 0x00000000e0000000)
  object space 53760K, 14% used [0x00000000a0000000,0x00000000a07a9710,0x00000000a3480000)
 Metaspace       used 20772K, capacity 21238K, committed 21296K, reserved 1067008K
  class space    used 3007K, capacity 3168K, committed 3200K, reserved 1048576K
}
Event: 13.428 GC heap before
{Heap before GC invocations=8 (full 1):
 PSYoungGen      total 142336K, used 131072K [0x00000000e0000000, 0x00000000e9800000, 0x0000000100000000)
  eden space 131072K, 100% used [0x00000000e0000000,0x00000000e8000000,0x00000000e8000000)
  from space 11264K, 0% used [0x00000000e8d00000,0x00000000e8d00000,0x00000000e9800000)
  to   space 12288K, 0% used [0x00000000e8000000,0x00000000e8000000,0x00000000e8c00000)
 ParOldGen       total 53760K, used 7845K [0x00000000a0000000, 0x00000000a3480000, 0x00000000e0000000)
  object space 53760K, 14% used [0x00000000a0000000,0x00000000a07a9710,0x00000000a3480000)
 Metaspace       used 32100K, capacity 32780K, committed 33024K, reserved 1077248K
  class space    used 4336K, capacity 4549K, committed 4608K, reserved 1048576K
Event: 13.473 GC heap after
Heap after GC invocations=8 (full 1):
 PSYoungGen      total 143360K, used 12277K [0x00000000e0000000, 0x00000000f0180000, 0x0000000100000000)
  eden space 131072K, 0% used [0x00000000e0000000,0x00000000e0000000,0x00000000e8000000)
  from space 12288K, 99% used [0x00000000e8000000,0x00000000e8bfd668,0x00000000e8c00000)
  to   space 14848K, 0% used [0x00000000ef300000,0x00000000ef300000,0x00000000f0180000)
 ParOldGen       total 53760K, used 8678K [0x00000000a0000000, 0x00000000a3480000, 0x00000000e0000000)
  object space 53760K, 16% used [0x00000000a0000000,0x00000000a0879948,0x00000000a3480000)
 Metaspace       used 32100K, capacity 32780K, committed 33024K, reserved 1077248K
  class space    used 4336K, capacity 4549K, committed 4608K, reserved 1048576K
}
Event: 14.884 GC heap before
{Heap before GC invocations=9 (full 1):
 PSYoungGen      total 143360K, used 72729K [0x00000000e0000000, 0x00000000f0180000, 0x0000000100000000)
  eden space 131072K, 46% used [0x00000000e0000000,0x00000000e3b09160,0x00000000e8000000)
  from space 12288K, 99% used [0x00000000e8000000,0x00000000e8bfd668,0x00000000e8c00000)
  to   space 14848K, 0% used [0x00000000ef300000,0x00000000ef300000,0x00000000f0180000)
 ParOldGen       total 53760K, used 8678K [0x00000000a0000000, 0x00000000a3480000, 0x00000000e0000000)
  object space 53760K, 16% used [0x00000000a0000000,0x00000000a0879948,0x00000000a3480000)
 Metaspace       used 34671K, capacity 35386K, committed 35496K, reserved 1079296K
  class space    used 4778K, capacity 5026K, committed 5120K, reserved 1048576K
Event: 14.910 GC heap after
Heap after GC invocations=9 (full 1):
 PSYoungGen      total 242688K, used 11467K [0x00000000e0000000, 0x00000000eff80000, 0x0000000100000000)
  eden space 229888K, 0% used [0x00000000e0000000,0x00000000e0000000,0x00000000ee080000)
  from space 12800K, 89% used [0x00000000ef300000,0x00000000efe32e68,0x00000000eff80000)
  to   space 15872K, 0% used [0x00000000ee080000,0x00000000ee080000,0x00000000ef000000)
 ParOldGen       total 53760K, used 8686K [0x00000000a0000000, 0x00000000a3480000, 0x00000000e0000000)
  object space 53760K, 16% used [0x00000000a0000000,0x00000000a087b948,0x00000000a3480000)
 Metaspace       used 34671K, capacity 35386K, committed 35496K, reserved 1079296K
  class space    used 4778K, capacity 5026K, committed 5120K, reserved 1048576K
}
Event: 14.911 GC heap before
{Heap before GC invocations=10 (full 2):
 PSYoungGen      total 242688K, used 11467K [0x00000000e0000000, 0x00000000eff80000, 0x0000000100000000)
  eden space 229888K, 0% used [0x00000000e0000000,0x00000000e0000000,0x00000000ee080000)
  from space 12800K, 89% used [0x00000000ef300000,0x00000000efe32e68,0x00000000eff80000)
  to   space 15872K, 0% used [0x00000000ee080000,0x00000000ee080000,0x00000000ef000000)
 ParOldGen       total 53760K, used 8686K [0x00000000a0000000, 0x00000000a3480000, 0x00000000e0000000)
  object space 53760K, 16% used [0x00000000a0000000,0x00000000a087b948,0x00000000a3480000)
 Metaspace       used 34671K, capacity 35386K, committed 35496K, reserved 1079296K
  class space    used 4778K, capacity 5026K, committed 5120K, reserved 1048576K
Event: 15.041 GC heap after
Heap after GC invocations=10 (full 2):
 PSYoungGen      total 242688K, used 0K [0x00000000e0000000, 0x00000000eff80000, 0x0000000100000000)
  eden space 229888K, 0% used [0x00000000e0000000,0x00000000e0000000,0x00000000ee080000)
  from space 12800K, 0% used [0x00000000ef300000,0x00000000ef300000,0x00000000eff80000)
  to   space 15872K, 0% used [0x00000000ee080000,0x00000000ee080000,0x00000000ef000000)
 ParOldGen       total 76800K, used 18817K [0x00000000a0000000, 0x00000000a4b00000, 0x00000000e0000000)
  object space 76800K, 24% used [0x00000000a0000000,0x00000000a12606e8,0x00000000a4b00000)
 Metaspace       used 34671K, capacity 35386K, committed 35496K, reserved 1079296K
  class space    used 4778K, capacity 5026K, committed 5120K, reserved 1048576K
}
Event: 23.240 GC heap before
{Heap before GC invocations=11 (full 2):
 PSYoungGen      total 242688K, used 229888K [0x00000000e0000000, 0x00000000eff80000, 0x0000000100000000)
  eden space 229888K, 100% used [0x00000000e0000000,0x00000000ee080000,0x00000000ee080000)
  from space 12800K, 0% used [0x00000000ef300000,0x00000000ef300000,0x00000000eff80000)
  to   space 15872K, 0% used [0x00000000ee080000,0x00000000ee080000,0x00000000ef000000)
 ParOldGen       total 76800K, used 18817K [0x00000000a0000000, 0x00000000a4b00000, 0x00000000e0000000)
  object space 76800K, 24% used [0x00000000a0000000,0x00000000a12606e8,0x00000000a4b00000)
 Metaspace       used 55017K, capacity 56766K, committed 57088K, reserved 1097728K
  class space    used 7405K, capacity 7827K, committed 7936K, reserved 1048576K
Event: 23.301 GC heap after
Heap after GC invocations=11 (full 2):
 PSYoungGen      total 245760K, used 15869K [0x00000000e0000000, 0x00000000eff80000, 0x0000000100000000)
  eden space 229888K, 0% used [0x00000000e0000000,0x00000000e0000000,0x00000000ee080000)
  from space 15872K, 99% used [0x00000000ee080000,0x00000000eefff598,0x00000000ef000000)
  to   space 12800K, 0% used [0x00000000ef300000,0x00000000ef300000,0x00000000eff80000)
 ParOldGen       total 76800K, used 31075K [0x00000000a0000000, 0x00000000a4b00000, 0x00000000e0000000)
  object space 76800K, 40% used [0x00000000a0000000,0x00000000a1e58f48,0x00000000a4b00000)
 Metaspace       used 55017K, capacity 56766K, committed 57088K, reserved 1097728K
  class space    used 7405K, capacity 7827K, committed 7936K, reserved 1048576K
}

