# JRE version: OpenJDK Runtime Environment (8.0_212-b04) (build 1.8.0_212-release-1586-b04)
# Java VM: OpenJDK 64-Bit Server VM (25.212-b04 mixed mode windows-amd64 compressed oops)
Heap:
 PSYoungGen      total 378368K, used 125648K [0x00000000e0000000, 0x00000000f9380000, 0x0000000100000000)
  eden space 343552K, 32% used [0x00000000e0000000,0x00000000e6b766f0,0x00000000f4f80000)
  from space 34816K, 44% used [0x00000000f4f80000,0x00000000f5ebdbb8,0x00000000f7180000)
  to   space 33280K, 0% used [0x00000000f7300000,0x00000000f7300000,0x00000000f9380000)
 ParOldGen       total 210432K, used 74612K [0x00000000a0000000, 0x00000000acd80000, 0x00000000e0000000)
  object space 210432K, 35% used [0x00000000a0000000,0x00000000a48dd0b0,0x00000000acd80000)
 Metaspace       used 106035K, capacity 112042K, committed 112192K, reserved 1146880K
  class space    used 13531K, capacity 14684K, committed 14720K, reserved 1048576K
GC Heap History (10 events):
Event: 2979.610 GC heap before
{Heap before GC invocations=25 (full 4):
 PSYoungGen      total 269824K, used 260641K [0x00000000e0000000, 0x00000000f5b80000, 0x0000000100000000)
  eden space 232960K, 100% used [0x00000000e0000000,0x00000000ee380000,0x00000000ee380000)
  from space 36864K, 75% used [0x00000000f0900000,0x00000000f2408610,0x00000000f2d00000)
  to   space 38400K, 0% used [0x00000000ee380000,0x00000000ee380000,0x00000000f0900000)
 ParOldGen       total 210432K, used 62194K [0x00000000a0000000, 0x00000000acd80000, 0x00000000e0000000)
  object space 210432K, 29% used [0x00000000a0000000,0x00000000a3cbc878,0x00000000acd80000)
 Metaspace       used 102774K, capacity 108266K, committed 108352K, reserved 1142784K
  class space    used 13321K, capacity 14404K, committed 14464K, reserved 1048576K
Event: 2979.648 GC heap after
Heap after GC invocations=25 (full 4):
 PSYoungGen      total 271360K, used 25920K [0x00000000e0000000, 0x00000000f6600000, 0x0000000100000000)
  eden space 232960K, 0% used [0x00000000e0000000,0x00000000e0000000,0x00000000ee380000)
  from space 38400K, 67% used [0x00000000ee380000,0x00000000efcd02d0,0x00000000f0900000)
  to   space 38912K, 0% used [0x00000000f4000000,0x00000000f4000000,0x00000000f6600000)
 ParOldGen       total 210432K, used 62202K [0x00000000a0000000, 0x00000000acd80000, 0x00000000e0000000)
  object space 210432K, 29% used [0x00000000a0000000,0x00000000a3cbe878,0x00000000acd80000)
 Metaspace       used 102774K, capacity 108266K, committed 108352K, reserved 1142784K
  class space    used 13321K, capacity 14404K, committed 14464K, reserved 1048576K
}
Event: 2987.534 GC heap before
{Heap before GC invocations=26 (full 4):
 PSYoungGen      total 271360K, used 258880K [0x00000000e0000000, 0x00000000f6600000, 0x0000000100000000)
  eden space 232960K, 100% used [0x00000000e0000000,0x00000000ee380000,0x00000000ee380000)
  from space 38400K, 67% used [0x00000000ee380000,0x00000000efcd02d0,0x00000000f0900000)
  to   space 38912K, 0% used [0x00000000f4000000,0x00000000f4000000,0x00000000f6600000)
 ParOldGen       total 210432K, used 62202K [0x00000000a0000000, 0x00000000acd80000, 0x00000000e0000000)
  object space 210432K, 29% used [0x00000000a0000000,0x00000000a3cbe878,0x00000000acd80000)
 Metaspace       used 103217K, capacity 108768K, committed 108864K, reserved 1144832K
  class space    used 13334K, capacity 14423K, committed 14464K, reserved 1048576K
Event: 2987.598 GC heap after
Heap after GC invocations=26 (full 4):
 PSYoungGen      total 321536K, used 23309K [0x00000000e0000000, 0x00000000f6280000, 0x0000000100000000)
  eden space 286208K, 0% used [0x00000000e0000000,0x00000000e0000000,0x00000000f1780000)
  from space 35328K, 65% used [0x00000000f4000000,0x00000000f56c35d0,0x00000000f6280000)
  to   space 38400K, 0% used [0x00000000f1780000,0x00000000f1780000,0x00000000f3d00000)
 ParOldGen       total 210432K, used 62210K [0x00000000a0000000, 0x00000000acd80000, 0x00000000e0000000)
  object space 210432K, 29% used [0x00000000a0000000,0x00000000a3cc0878,0x00000000acd80000)
 Metaspace       used 103217K, capacity 108768K, committed 108864K, reserved 1144832K
  class space    used 13334K, capacity 14423K, committed 14464K, reserved 1048576K
}
Event: 3056.522 GC heap before
{Heap before GC invocations=27 (full 4):
 PSYoungGen      total 321536K, used 309517K [0x00000000e0000000, 0x00000000f6280000, 0x0000000100000000)
  eden space 286208K, 100% used [0x00000000e0000000,0x00000000f1780000,0x00000000f1780000)
  from space 35328K, 65% used [0x00000000f4000000,0x00000000f56c35d0,0x00000000f6280000)
  to   space 38400K, 0% used [0x00000000f1780000,0x00000000f1780000,0x00000000f3d00000)
 ParOldGen       total 210432K, used 62210K [0x00000000a0000000, 0x00000000acd80000, 0x00000000e0000000)
  object space 210432K, 29% used [0x00000000a0000000,0x00000000a3cc0878,0x00000000acd80000)
 Metaspace       used 103732K, capacity 109424K, committed 109504K, reserved 1144832K
  class space    used 13399K, capacity 14515K, committed 14592K, reserved 1048576K
Event: 3056.565 GC heap after
Heap after GC invocations=27 (full 4):
 PSYoungGen      total 324608K, used 20368K [0x00000000e0000000, 0x00000000f9680000, 0x0000000100000000)
  eden space 286208K, 0% used [0x00000000e0000000,0x00000000e0000000,0x00000000f1780000)
  from space 38400K, 53% used [0x00000000f1780000,0x00000000f2b642d0,0x00000000f3d00000)
  to   space 36352K, 0% used [0x00000000f7300000,0x00000000f7300000,0x00000000f9680000)
 ParOldGen       total 210432K, used 71700K [0x00000000a0000000, 0x00000000acd80000, 0x00000000e0000000)
  object space 210432K, 34% used [0x00000000a0000000,0x00000000a4605010,0x00000000acd80000)
 Metaspace       used 103732K, capacity 109424K, committed 109504K, reserved 1144832K
  class space    used 13399K, capacity 14515K, committed 14592K, reserved 1048576K
}
Event: 3060.343 GC heap before
{Heap before GC invocations=28 (full 4):
 PSYoungGen      total 324608K, used 306576K [0x00000000e0000000, 0x00000000f9680000, 0x0000000100000000)
  eden space 286208K, 100% used [0x00000000e0000000,0x00000000f1780000,0x00000000f1780000)
  from space 38400K, 53% used [0x00000000f1780000,0x00000000f2b642d0,0x00000000f3d00000)
  to   space 36352K, 0% used [0x00000000f7300000,0x00000000f7300000,0x00000000f9680000)
 ParOldGen       total 210432K, used 71700K [0x00000000a0000000, 0x00000000acd80000, 0x00000000e0000000)
  object space 210432K, 34% used [0x00000000a0000000,0x00000000a4605010,0x00000000acd80000)
 Metaspace       used 105808K, capacity 111780K, committed 111936K, reserved 1146880K
  class space    used 13521K, capacity 14673K, committed 14720K, reserved 1048576K
Event: 3060.377 GC heap after
Heap after GC invocations=28 (full 4):
 PSYoungGen      total 376832K, used 20376K [0x00000000e0000000, 0x00000000f9380000, 0x0000000100000000)
  eden space 343552K, 0% used [0x00000000e0000000,0x00000000e0000000,0x00000000f4f80000)
  from space 33280K, 61% used [0x00000000f7300000,0x00000000f86e63d0,0x00000000f9380000)
  to   space 34816K, 0% used [0x00000000f4f80000,0x00000000f4f80000,0x00000000f7180000)
 ParOldGen       total 210432K, used 74096K [0x00000000a0000000, 0x00000000acd80000, 0x00000000e0000000)
  object space 210432K, 35% used [0x00000000a0000000,0x00000000a485c080,0x00000000acd80000)
 Metaspace       used 105808K, capacity 111780K, committed 111936K, reserved 1146880K
  class space    used 13521K, capacity 14673K, committed 14720K, reserved 1048576K
}
Event: 3063.189 GC heap before
{Heap before GC invocations=29 (full 4):
 PSYoungGen      total 376832K, used 363928K [0x00000000e0000000, 0x00000000f9380000, 0x0000000100000000)
  eden space 343552K, 100% used [0x00000000e0000000,0x00000000f4f80000,0x00000000f4f80000)
  from space 33280K, 61% used [0x00000000f7300000,0x00000000f86e63d0,0x00000000f9380000)
  to   space 34816K, 0% used [0x00000000f4f80000,0x00000000f4f80000,0x00000000f7180000)
 ParOldGen       total 210432K, used 74096K [0x00000000a0000000, 0x00000000acd80000, 0x00000000e0000000)
  object space 210432K, 35% used [0x00000000a0000000,0x00000000a485c080,0x00000000acd80000)
 Metaspace       used 106019K, capacity 112042K, committed 112192K, reserved 1146880K
  class space    used 13531K, capacity 14684K, committed 14720K, reserved 1048576K
Event: 3063.266 GC heap after
Heap after GC invocations=29 (full 4):
 PSYoungGen      total 378368K, used 15606K [0x00000000e0000000, 0x00000000f9380000, 0x0000000100000000)
  eden space 343552K, 0% used [0x00000000e0000000,0x00000000e0000000,0x00000000f4f80000)
  from space 34816K, 44% used [0x00000000f4f80000,0x00000000f5ebdbb8,0x00000000f7180000)
  to   space 33280K, 0% used [0x00000000f7300000,0x00000000f7300000,0x00000000f9380000)
 ParOldGen       total 210432K, used 74612K [0x00000000a0000000, 0x00000000acd80000, 0x00000000e0000000)
  object space 210432K, 35% used [0x00000000a0000000,0x00000000a48dd0b0,0x00000000acd80000)
 Metaspace       used 106019K, capacity 112042K, committed 112192K, reserved 1146880K
  class space    used 13531K, capacity 14684K, committed 14720K, reserved 1048576K
}

