# JRE version: OpenJDK Runtime Environment (8.0_212-b04) (build 1.8.0_212-release-1586-b04)
# Java VM: OpenJDK 64-Bit Server VM (25.212-b04 mixed mode windows-amd64 compressed oops)
Heap:
 PSYoungGen      total 247808K, used 17115K [0x00000000e0000000, 0x00000000f1a00000, 0x0000000100000000)
  eden space 206848K, 2% used [0x00000000e0000000,0x00000000e0566fd8,0x00000000eca00000)
  from space 40960K, 28% used [0x00000000ef100000,0x00000000efc4fd50,0x00000000f1900000)
  to   space 39936K, 0% used [0x00000000eca00000,0x00000000eca00000,0x00000000ef100000)
 ParOldGen       total 217088K, used 84873K [0x00000000a0000000, 0x00000000ad400000, 0x00000000e0000000)
  object space 217088K, 39% used [0x00000000a0000000,0x00000000a52e2590,0x00000000ad400000)
 Metaspace       used 100455K, capacity 105656K, committed 105768K, reserved 1140736K
  class space    used 12901K, capacity 14026K, committed 14136K, reserved 1048576K
GC Heap History (10 events):
Event: 325.266 GC heap before
{Heap before GC invocations=26 (full 3):
 PSYoungGen      total 216064K, used 210825K [0x00000000e0000000, 0x00000000eea00000, 0x0000000100000000)
  eden space 194560K, 99% used [0x00000000e0000000,0x00000000ebdf18b8,0x00000000ebe00000)
  from space 21504K, 75% used [0x00000000ed400000,0x00000000ee3f0e18,0x00000000ee900000)
  to   space 22528K, 0% used [0x00000000ebe00000,0x00000000ebe00000,0x00000000ed400000)
 ParOldGen       total 123392K, used 61199K [0x00000000a0000000, 0x00000000a7880000, 0x00000000e0000000)
  object space 123392K, 49% used [0x00000000a0000000,0x00000000a3bc3d60,0x00000000a7880000)
 Metaspace       used 81728K, capacity 86408K, committed 86680K, reserved 1124352K
  class space    used 10576K, capacity 11576K, committed 11688K, reserved 1048576K
Event: 325.354 GC heap after
Heap after GC invocations=26 (full 3):
 PSYoungGen      total 217088K, used 22497K [0x00000000e0000000, 0x00000000f0380000, 0x0000000100000000)
  eden space 194560K, 0% used [0x00000000e0000000,0x00000000e0000000,0x00000000ebe00000)
  from space 22528K, 99% used [0x00000000ebe00000,0x00000000ed3f8650,0x00000000ed400000)
  to   space 30720K, 0% used [0x00000000ee580000,0x00000000ee580000,0x00000000f0380000)
 ParOldGen       total 123392K, used 75931K [0x00000000a0000000, 0x00000000a7880000, 0x00000000e0000000)
  object space 123392K, 61% used [0x00000000a0000000,0x00000000a4a26f60,0x00000000a7880000)
 Metaspace       used 81728K, capacity 86408K, committed 86680K, reserved 1124352K
  class space    used 10576K, capacity 11576K, committed 11688K, reserved 1048576K
}
Event: 363.941 GC heap before
{Heap before GC invocations=27 (full 3):
 PSYoungGen      total 217088K, used 217057K [0x00000000e0000000, 0x00000000f0380000, 0x0000000100000000)
  eden space 194560K, 100% used [0x00000000e0000000,0x00000000ebe00000,0x00000000ebe00000)
  from space 22528K, 99% used [0x00000000ebe00000,0x00000000ed3f8650,0x00000000ed400000)
  to   space 30720K, 0% used [0x00000000ee580000,0x00000000ee580000,0x00000000f0380000)
 ParOldGen       total 123392K, used 75931K [0x00000000a0000000, 0x00000000a7880000, 0x00000000e0000000)
  object space 123392K, 61% used [0x00000000a0000000,0x00000000a4a26f60,0x00000000a7880000)
 Metaspace       used 85450K, capacity 90192K, committed 90392K, reserved 1128448K
  class space    used 11028K, capacity 12050K, committed 12072K, reserved 1048576K
Event: 364.064 GC heap after
Heap after GC invocations=27 (full 3):
 PSYoungGen      total 228864K, used 30697K [0x00000000e0000000, 0x00000000f0e00000, 0x0000000100000000)
  eden space 198144K, 0% used [0x00000000e0000000,0x00000000e0000000,0x00000000ec180000)
  from space 30720K, 99% used [0x00000000ee580000,0x00000000f037a598,0x00000000f0380000)
  to   space 36864K, 0% used [0x00000000ec180000,0x00000000ec180000,0x00000000ee580000)
 ParOldGen       total 123392K, used 80768K [0x00000000a0000000, 0x00000000a7880000, 0x00000000e0000000)
  object space 123392K, 65% used [0x00000000a0000000,0x00000000a4ee0298,0x00000000a7880000)
 Metaspace       used 85450K, capacity 90192K, committed 90392K, reserved 1128448K
  class space    used 11028K, capacity 12050K, committed 12072K, reserved 1048576K
}
Event: 378.733 GC heap before
{Heap before GC invocations=28 (full 3):
 PSYoungGen      total 228864K, used 209636K [0x00000000e0000000, 0x00000000f0e00000, 0x0000000100000000)
  eden space 198144K, 90% used [0x00000000e0000000,0x00000000eaebea98,0x00000000ec180000)
  from space 30720K, 99% used [0x00000000ee580000,0x00000000f037a598,0x00000000f0380000)
  to   space 36864K, 0% used [0x00000000ec180000,0x00000000ec180000,0x00000000ee580000)
 ParOldGen       total 123392K, used 80768K [0x00000000a0000000, 0x00000000a7880000, 0x00000000e0000000)
  object space 123392K, 65% used [0x00000000a0000000,0x00000000a4ee0298,0x00000000a7880000)
 Metaspace       used 93492K, capacity 98462K, committed 98600K, reserved 1134592K
  class space    used 12034K, capacity 13099K, committed 13112K, reserved 1048576K
Event: 378.918 GC heap after
Heap after GC invocations=28 (full 3):
 PSYoungGen      total 235008K, used 32771K [0x00000000e0000000, 0x00000000f1900000, 0x0000000100000000)
  eden space 198144K, 0% used [0x00000000e0000000,0x00000000e0000000,0x00000000ec180000)
  from space 36864K, 88% used [0x00000000ec180000,0x00000000ee180e30,0x00000000ee580000)
  to   space 40960K, 0% used [0x00000000ef100000,0x00000000ef100000,0x00000000f1900000)
 ParOldGen       total 123392K, used 83812K [0x00000000a0000000, 0x00000000a7880000, 0x00000000e0000000)
  object space 123392K, 67% used [0x00000000a0000000,0x00000000a51d9108,0x00000000a7880000)
 Metaspace       used 93492K, capacity 98462K, committed 98600K, reserved 1134592K
  class space    used 12034K, capacity 13099K, committed 13112K, reserved 1048576K
}
Event: 378.918 GC heap before
{Heap before GC invocations=29 (full 4):
 PSYoungGen      total 235008K, used 32771K [0x00000000e0000000, 0x00000000f1900000, 0x0000000100000000)
  eden space 198144K, 0% used [0x00000000e0000000,0x00000000e0000000,0x00000000ec180000)
  from space 36864K, 88% used [0x00000000ec180000,0x00000000ee180e30,0x00000000ee580000)
  to   space 40960K, 0% used [0x00000000ef100000,0x00000000ef100000,0x00000000f1900000)
 ParOldGen       total 123392K, used 83812K [0x00000000a0000000, 0x00000000a7880000, 0x00000000e0000000)
  object space 123392K, 67% used [0x00000000a0000000,0x00000000a51d9108,0x00000000a7880000)
 Metaspace       used 93492K, capacity 98462K, committed 98600K, reserved 1134592K
  class space    used 12034K, capacity 13099K, committed 13112K, reserved 1048576K
Event: 380.036 GC heap after
Heap after GC invocations=29 (full 4):
 PSYoungGen      total 235008K, used 0K [0x00000000e0000000, 0x00000000f1900000, 0x0000000100000000)
  eden space 198144K, 0% used [0x00000000e0000000,0x00000000e0000000,0x00000000ec180000)
  from space 36864K, 0% used [0x00000000ec180000,0x00000000ec180000,0x00000000ee580000)
  to   space 40960K, 0% used [0x00000000ef100000,0x00000000ef100000,0x00000000f1900000)
 ParOldGen       total 217088K, used 84865K [0x00000000a0000000, 0x00000000ad400000, 0x00000000e0000000)
  object space 217088K, 39% used [0x00000000a0000000,0x00000000a52e0590,0x00000000ad400000)
 Metaspace       used 93289K, capacity 97862K, committed 98600K, reserved 1134592K
  class space    used 11971K, capacity 12995K, committed 13112K, reserved 1048576K
}
Event: 392.850 GC heap before
{Heap before GC invocations=30 (full 4):
 PSYoungGen      total 235008K, used 198144K [0x00000000e0000000, 0x00000000f1900000, 0x0000000100000000)
  eden space 198144K, 100% used [0x00000000e0000000,0x00000000ec180000,0x00000000ec180000)
  from space 36864K, 0% used [0x00000000ec180000,0x00000000ec180000,0x00000000ee580000)
  to   space 40960K, 0% used [0x00000000ef100000,0x00000000ef100000,0x00000000f1900000)
 ParOldGen       total 217088K, used 84865K [0x00000000a0000000, 0x00000000ad400000, 0x00000000e0000000)
  object space 217088K, 39% used [0x00000000a0000000,0x00000000a52e0590,0x00000000ad400000)
 Metaspace       used 100451K, capacity 105656K, committed 105768K, reserved 1140736K
  class space    used 12901K, capacity 14026K, committed 14136K, reserved 1048576K
Event: 393.040 GC heap after
Heap after GC invocations=30 (full 4):
 PSYoungGen      total 247808K, used 11583K [0x00000000e0000000, 0x00000000f1a00000, 0x0000000100000000)
  eden space 206848K, 0% used [0x00000000e0000000,0x00000000e0000000,0x00000000eca00000)
  from space 40960K, 28% used [0x00000000ef100000,0x00000000efc4fd50,0x00000000f1900000)
  to   space 39936K, 0% used [0x00000000eca00000,0x00000000eca00000,0x00000000ef100000)
 ParOldGen       total 217088K, used 84873K [0x00000000a0000000, 0x00000000ad400000, 0x00000000e0000000)
  object space 217088K, 39% used [0x00000000a0000000,0x00000000a52e2590,0x00000000ad400000)
 Metaspace       used 100451K, capacity 105656K, committed 105768K, reserved 1140736K
  class space    used 12901K, capacity 14026K, committed 14136K, reserved 1048576K
}

