# JRE version: OpenJDK Runtime Environment (8.0_212-b04) (build 1.8.0_212-release-1586-b04)
# Java VM: OpenJDK 64-Bit Server VM (25.212-b04 mixed mode windows-amd64 compressed oops)
Heap:
 PSYoungGen      total 270336K, used 39100K [0x00000000e0000000, 0x00000000f1800000, 0x0000000100000000)
  eden space 254976K, 15% used [0x00000000e0000000,0x00000000e262f160,0x00000000ef900000)
  from space 15360K, 0% used [0x00000000f0900000,0x00000000f0900000,0x00000000f1800000)
  to   space 15872K, 0% used [0x00000000ef900000,0x00000000ef900000,0x00000000f0880000)
 ParOldGen       total 68096K, used 18658K [0x00000000a0000000, 0x00000000a4280000, 0x00000000e0000000)
  object space 68096K, 27% used [0x00000000a0000000,0x00000000a1238828,0x00000000a4280000)
 Metaspace       used 36218K, capacity 37256K, committed 37504K, reserved 1081344K
  class space    used 4989K, capacity 5225K, committed 5248K, reserved 1048576K
GC Heap History (10 events):
Event: 8.090 GC heap before
{Heap before GC invocations=6 (full 0):
 PSYoungGen      total 70656K, used 6020K [0x00000000e0000000, 0x00000000e9a00000, 0x0000000100000000)
  eden space 65536K, 1% used [0x00000000e0000000,0x00000000e00e42c0,0x00000000e4000000)
  from space 5120K, 99% used [0x00000000e4000000,0x00000000e44fd060,0x00000000e4500000)
  to   space 13312K, 0% used [0x00000000e8d00000,0x00000000e8d00000,0x00000000e9a00000)
 ParOldGen       total 86016K, used 11600K [0x00000000a0000000, 0x00000000a5400000, 0x00000000e0000000)
  object space 86016K, 13% used [0x00000000a0000000,0x00000000a0b54230,0x00000000a5400000)
 Metaspace       used 20738K, capacity 21232K, committed 21296K, reserved 1067008K
  class space    used 3007K, capacity 3167K, committed 3200K, reserved 1048576K
Event: 8.106 GC heap after
Heap after GC invocations=6 (full 0):
 PSYoungGen      total 143360K, used 5152K [0x00000000e0000000, 0x00000000e9900000, 0x0000000100000000)
  eden space 131072K, 0% used [0x00000000e0000000,0x00000000e0000000,0x00000000e8000000)
  from space 12288K, 41% used [0x00000000e8d00000,0x00000000e9208030,0x00000000e9900000)
  to   space 12800K, 0% used [0x00000000e8000000,0x00000000e8000000,0x00000000e8c80000)
 ParOldGen       total 86016K, used 11608K [0x00000000a0000000, 0x00000000a5400000, 0x00000000e0000000)
  object space 86016K, 13% used [0x00000000a0000000,0x00000000a0b56230,0x00000000a5400000)
 Metaspace       used 20738K, capacity 21232K, committed 21296K, reserved 1067008K
  class space    used 3007K, capacity 3167K, committed 3200K, reserved 1048576K
}
Event: 8.106 GC heap before
{Heap before GC invocations=7 (full 1):
 PSYoungGen      total 143360K, used 5152K [0x00000000e0000000, 0x00000000e9900000, 0x0000000100000000)
  eden space 131072K, 0% used [0x00000000e0000000,0x00000000e0000000,0x00000000e8000000)
  from space 12288K, 41% used [0x00000000e8d00000,0x00000000e9208030,0x00000000e9900000)
  to   space 12800K, 0% used [0x00000000e8000000,0x00000000e8000000,0x00000000e8c80000)
 ParOldGen       total 86016K, used 11608K [0x00000000a0000000, 0x00000000a5400000, 0x00000000e0000000)
  object space 86016K, 13% used [0x00000000a0000000,0x00000000a0b56230,0x00000000a5400000)
 Metaspace       used 20738K, capacity 21232K, committed 21296K, reserved 1067008K
  class space    used 3007K, capacity 3167K, committed 3200K, reserved 1048576K
Event: 8.161 GC heap after
Heap after GC invocations=7 (full 1):
 PSYoungGen      total 143360K, used 0K [0x00000000e0000000, 0x00000000e9900000, 0x0000000100000000)
  eden space 131072K, 0% used [0x00000000e0000000,0x00000000e0000000,0x00000000e8000000)
  from space 12288K, 0% used [0x00000000e8d00000,0x00000000e8d00000,0x00000000e9900000)
  to   space 12800K, 0% used [0x00000000e8000000,0x00000000e8000000,0x00000000e8c80000)
 ParOldGen       total 49152K, used 7716K [0x00000000a0000000, 0x00000000a3000000, 0x00000000e0000000)
  object space 49152K, 15% used [0x00000000a0000000,0x00000000a07891c8,0x00000000a3000000)
 Metaspace       used 20738K, capacity 21232K, committed 21296K, reserved 1067008K
  class space    used 3007K, capacity 3167K, committed 3200K, reserved 1048576K
}
Event: 13.065 GC heap before
{Heap before GC invocations=8 (full 1):
 PSYoungGen      total 143360K, used 131072K [0x00000000e0000000, 0x00000000e9900000, 0x0000000100000000)
  eden space 131072K, 100% used [0x00000000e0000000,0x00000000e8000000,0x00000000e8000000)
  from space 12288K, 0% used [0x00000000e8d00000,0x00000000e8d00000,0x00000000e9900000)
  to   space 12800K, 0% used [0x00000000e8000000,0x00000000e8000000,0x00000000e8c80000)
 ParOldGen       total 49152K, used 7716K [0x00000000a0000000, 0x00000000a3000000, 0x00000000e0000000)
  object space 49152K, 15% used [0x00000000a0000000,0x00000000a07891c8,0x00000000a3000000)
 Metaspace       used 32123K, capacity 32824K, committed 33024K, reserved 1077248K
  class space    used 4342K, capacity 4583K, committed 4608K, reserved 1048576K
Event: 13.099 GC heap after
Heap after GC invocations=8 (full 1):
 PSYoungGen      total 143872K, used 12797K [0x00000000e0000000, 0x00000000f1800000, 0x0000000100000000)
  eden space 131072K, 0% used [0x00000000e0000000,0x00000000e0000000,0x00000000e8000000)
  from space 12800K, 99% used [0x00000000e8000000,0x00000000e8c7f7d8,0x00000000e8c80000)
  to   space 15360K, 0% used [0x00000000f0900000,0x00000000f0900000,0x00000000f1800000)
 ParOldGen       total 49152K, used 8236K [0x00000000a0000000, 0x00000000a3000000, 0x00000000e0000000)
  object space 49152K, 16% used [0x00000000a0000000,0x00000000a080b378,0x00000000a3000000)
 Metaspace       used 32123K, capacity 32824K, committed 33024K, reserved 1077248K
  class space    used 4342K, capacity 4583K, committed 4608K, reserved 1048576K
}
Event: 14.803 GC heap before
{Heap before GC invocations=9 (full 1):
 PSYoungGen      total 143872K, used 73480K [0x00000000e0000000, 0x00000000f1800000, 0x0000000100000000)
  eden space 131072K, 46% used [0x00000000e0000000,0x00000000e3b42a20,0x00000000e8000000)
  from space 12800K, 99% used [0x00000000e8000000,0x00000000e8c7f7d8,0x00000000e8c80000)
  to   space 15360K, 0% used [0x00000000f0900000,0x00000000f0900000,0x00000000f1800000)
 ParOldGen       total 49152K, used 8236K [0x00000000a0000000, 0x00000000a3000000, 0x00000000e0000000)
  object space 49152K, 16% used [0x00000000a0000000,0x00000000a080b378,0x00000000a3000000)
 Metaspace       used 34653K, capacity 35380K, committed 35496K, reserved 1079296K
  class space    used 4777K, capacity 5025K, committed 5120K, reserved 1048576K
Event: 14.866 GC heap after
Heap after GC invocations=9 (full 1):
 PSYoungGen      total 270336K, used 11451K [0x00000000e0000000, 0x00000000f1800000, 0x0000000100000000)
  eden space 254976K, 0% used [0x00000000e0000000,0x00000000e0000000,0x00000000ef900000)
  from space 15360K, 74% used [0x00000000f0900000,0x00000000f142efa8,0x00000000f1800000)
  to   space 15872K, 0% used [0x00000000ef900000,0x00000000ef900000,0x00000000f0880000)
 ParOldGen       total 49152K, used 8244K [0x00000000a0000000, 0x00000000a3000000, 0x00000000e0000000)
  object space 49152K, 16% used [0x00000000a0000000,0x00000000a080d378,0x00000000a3000000)
 Metaspace       used 34653K, capacity 35380K, committed 35496K, reserved 1079296K
  class space    used 4777K, capacity 5025K, committed 5120K, reserved 1048576K
}
Event: 14.866 GC heap before
{Heap before GC invocations=10 (full 2):
 PSYoungGen      total 270336K, used 11451K [0x00000000e0000000, 0x00000000f1800000, 0x0000000100000000)
  eden space 254976K, 0% used [0x00000000e0000000,0x00000000e0000000,0x00000000ef900000)
  from space 15360K, 74% used [0x00000000f0900000,0x00000000f142efa8,0x00000000f1800000)
  to   space 15872K, 0% used [0x00000000ef900000,0x00000000ef900000,0x00000000f0880000)
 ParOldGen       total 49152K, used 8244K [0x00000000a0000000, 0x00000000a3000000, 0x00000000e0000000)
  object space 49152K, 16% used [0x00000000a0000000,0x00000000a080d378,0x00000000a3000000)
 Metaspace       used 34653K, capacity 35380K, committed 35496K, reserved 1079296K
  class space    used 4777K, capacity 5025K, committed 5120K, reserved 1048576K
Event: 15.340 GC heap after
Heap after GC invocations=10 (full 2):
 PSYoungGen      total 270336K, used 0K [0x00000000e0000000, 0x00000000f1800000, 0x0000000100000000)
  eden space 254976K, 0% used [0x00000000e0000000,0x00000000e0000000,0x00000000ef900000)
  from space 15360K, 0% used [0x00000000f0900000,0x00000000f0900000,0x00000000f1800000)
  to   space 15872K, 0% used [0x00000000ef900000,0x00000000ef900000,0x00000000f0880000)
 ParOldGen       total 68096K, used 18658K [0x00000000a0000000, 0x00000000a4280000, 0x00000000e0000000)
  object space 68096K, 27% used [0x00000000a0000000,0x00000000a1238828,0x00000000a4280000)
 Metaspace       used 34653K, capacity 35380K, committed 35496K, reserved 1079296K
  class space    used 4777K, capacity 5025K, committed 5120K, reserved 1048576K
}

