# JRE version: OpenJDK Runtime Environment (8.0_212-b04) (build 1.8.0_212-release-1586-b04)
# Java VM: OpenJDK 64-Bit Server VM (25.212-b04 mixed mode windows-amd64 compressed oops)
Heap:
 PSYoungGen      total 222720K, used 39306K [0x00000000e0000000, 0x00000000f1980000, 0x0000000100000000)
  eden space 205312K, 10% used [0x00000000e0000000,0x00000000e15fe2e8,0x00000000ec880000)
  from space 17408K, 96% used [0x00000000ec880000,0x00000000ed8e47b0,0x00000000ed980000)
  to   space 28160K, 0% used [0x00000000efe00000,0x00000000efe00000,0x00000000f1980000)
 ParOldGen       total 105984K, used 39398K [0x00000000a0000000, 0x00000000a6780000, 0x00000000e0000000)
  object space 105984K, 37% used [0x00000000a0000000,0x00000000a26798b0,0x00000000a6780000)
 Metaspace       used 61001K, capacity 63198K, committed 63488K, reserved 1103872K
  class space    used 8355K, capacity 8855K, committed 8960K, reserved 1048576K
GC Heap History (10 events):
Event: 7.233 GC heap before
{Heap before GC invocations=8 (full 2):
 PSYoungGen      total 221696K, used 12163K [0x00000000e0000000, 0x00000000eeb00000, 0x0000000100000000)
  eden space 205312K, 0% used [0x00000000e0000000,0x00000000e0000000,0x00000000ec880000)
  from space 16384K, 74% used [0x00000000ed980000,0x00000000ee560f80,0x00000000ee980000)
  to   space 17408K, 0% used [0x00000000ec880000,0x00000000ec880000,0x00000000ed980000)
 ParOldGen       total 67072K, used 19310K [0x00000000a0000000, 0x00000000a4180000, 0x00000000e0000000)
  object space 67072K, 28% used [0x00000000a0000000,0x00000000a12db858,0x00000000a4180000)
 Metaspace       used 34732K, capacity 35490K, committed 35496K, reserved 1079296K
  class space    used 4779K, capacity 4986K, committed 4992K, reserved 1048576K
Event: 7.398 GC heap after
Heap after GC invocations=8 (full 2):
 PSYoungGen      total 221696K, used 0K [0x00000000e0000000, 0x00000000eeb00000, 0x0000000100000000)
  eden space 205312K, 0% used [0x00000000e0000000,0x00000000e0000000,0x00000000ec880000)
  from space 16384K, 0% used [0x00000000ed980000,0x00000000ed980000,0x00000000ee980000)
  to   space 17408K, 0% used [0x00000000ec880000,0x00000000ec880000,0x00000000ed980000)
 ParOldGen       total 105984K, used 18960K [0x00000000a0000000, 0x00000000a6780000, 0x00000000e0000000)
  object space 105984K, 17% used [0x00000000a0000000,0x00000000a1284120,0x00000000a6780000)
 Metaspace       used 34730K, capacity 35484K, committed 35496K, reserved 1079296K
  class space    used 4779K, capacity 4985K, committed 4992K, reserved 1048576K
}
Event: 10.892 GC heap before
{Heap before GC invocations=9 (full 2):
 PSYoungGen      total 221696K, used 205312K [0x00000000e0000000, 0x00000000eeb00000, 0x0000000100000000)
  eden space 205312K, 100% used [0x00000000e0000000,0x00000000ec880000,0x00000000ec880000)
  from space 16384K, 0% used [0x00000000ed980000,0x00000000ed980000,0x00000000ee980000)
  to   space 17408K, 0% used [0x00000000ec880000,0x00000000ec880000,0x00000000ed980000)
 ParOldGen       total 105984K, used 18960K [0x00000000a0000000, 0x00000000a6780000, 0x00000000e0000000)
  object space 105984K, 17% used [0x00000000a0000000,0x00000000a1284120,0x00000000a6780000)
 Metaspace       used 51925K, capacity 53388K, committed 53632K, reserved 1095680K
  class space    used 7106K, capacity 7472K, committed 7552K, reserved 1048576K
Event: 10.917 GC heap after
Heap after GC invocations=9 (full 2):
 PSYoungGen      total 222720K, used 17382K [0x00000000e0000000, 0x00000000eeb00000, 0x0000000100000000)
  eden space 205312K, 0% used [0x00000000e0000000,0x00000000e0000000,0x00000000ec880000)
  from space 17408K, 99% used [0x00000000ec880000,0x00000000ed979968,0x00000000ed980000)
  to   space 16384K, 0% used [0x00000000ed980000,0x00000000ed980000,0x00000000ee980000)
 ParOldGen       total 105984K, used 26133K [0x00000000a0000000, 0x00000000a6780000, 0x00000000e0000000)
  object space 105984K, 24% used [0x00000000a0000000,0x00000000a1985740,0x00000000a6780000)
 Metaspace       used 51925K, capacity 53388K, committed 53632K, reserved 1095680K
  class space    used 7106K, capacity 7472K, committed 7552K, reserved 1048576K
}
Event: 13.425 GC heap before
{Heap before GC invocations=10 (full 2):
 PSYoungGen      total 222720K, used 115233K [0x00000000e0000000, 0x00000000eeb00000, 0x0000000100000000)
  eden space 205312K, 47% used [0x00000000e0000000,0x00000000e5f8ea98,0x00000000ec880000)
  from space 17408K, 99% used [0x00000000ec880000,0x00000000ed979968,0x00000000ed980000)
  to   space 16384K, 0% used [0x00000000ed980000,0x00000000ed980000,0x00000000ee980000)
 ParOldGen       total 105984K, used 26133K [0x00000000a0000000, 0x00000000a6780000, 0x00000000e0000000)
  object space 105984K, 24% used [0x00000000a0000000,0x00000000a1985740,0x00000000a6780000)
 Metaspace       used 57237K, capacity 59016K, committed 59136K, reserved 1099776K
  class space    used 7898K, capacity 8358K, committed 8448K, reserved 1048576K
Event: 13.453 GC heap after
Heap after GC invocations=10 (full 2):
 PSYoungGen      total 221696K, used 16357K [0x00000000e0000000, 0x00000000eeb00000, 0x0000000100000000)
  eden space 205312K, 0% used [0x00000000e0000000,0x00000000e0000000,0x00000000ec880000)
  from space 16384K, 99% used [0x00000000ed980000,0x00000000ee9797c0,0x00000000ee980000)
  to   space 17408K, 0% used [0x00000000ec880000,0x00000000ec880000,0x00000000ed980000)
 ParOldGen       total 105984K, used 33524K [0x00000000a0000000, 0x00000000a6780000, 0x00000000e0000000)
  object space 105984K, 31% used [0x00000000a0000000,0x00000000a20bd360,0x00000000a6780000)
 Metaspace       used 57237K, capacity 59016K, committed 59136K, reserved 1099776K
  class space    used 7898K, capacity 8358K, committed 8448K, reserved 1048576K
}
Event: 13.453 GC heap before
{Heap before GC invocations=11 (full 3):
 PSYoungGen      total 221696K, used 16357K [0x00000000e0000000, 0x00000000eeb00000, 0x0000000100000000)
  eden space 205312K, 0% used [0x00000000e0000000,0x00000000e0000000,0x00000000ec880000)
  from space 16384K, 99% used [0x00000000ed980000,0x00000000ee9797c0,0x00000000ee980000)
  to   space 17408K, 0% used [0x00000000ec880000,0x00000000ec880000,0x00000000ed980000)
 ParOldGen       total 105984K, used 33524K [0x00000000a0000000, 0x00000000a6780000, 0x00000000e0000000)
  object space 105984K, 31% used [0x00000000a0000000,0x00000000a20bd360,0x00000000a6780000)
 Metaspace       used 57237K, capacity 59016K, committed 59136K, reserved 1099776K
  class space    used 7898K, capacity 8358K, committed 8448K, reserved 1048576K
Event: 13.757 GC heap after
Heap after GC invocations=11 (full 3):
 PSYoungGen      total 221696K, used 0K [0x00000000e0000000, 0x00000000eeb00000, 0x0000000100000000)
  eden space 205312K, 0% used [0x00000000e0000000,0x00000000e0000000,0x00000000ec880000)
  from space 16384K, 0% used [0x00000000ed980000,0x00000000ed980000,0x00000000ee980000)
  to   space 17408K, 0% used [0x00000000ec880000,0x00000000ec880000,0x00000000ed980000)
 ParOldGen       total 105984K, used 39390K [0x00000000a0000000, 0x00000000a6780000, 0x00000000e0000000)
  object space 105984K, 37% used [0x00000000a0000000,0x00000000a26778b0,0x00000000a6780000)
 Metaspace       used 57237K, capacity 59016K, committed 59136K, reserved 1099776K
  class space    used 7898K, capacity 8358K, committed 8448K, reserved 1048576K
}
Event: 32.395 GC heap before
{Heap before GC invocations=12 (full 3):
 PSYoungGen      total 221696K, used 205312K [0x00000000e0000000, 0x00000000eeb00000, 0x0000000100000000)
  eden space 205312K, 100% used [0x00000000e0000000,0x00000000ec880000,0x00000000ec880000)
  from space 16384K, 0% used [0x00000000ed980000,0x00000000ed980000,0x00000000ee980000)
  to   space 17408K, 0% used [0x00000000ec880000,0x00000000ec880000,0x00000000ed980000)
 ParOldGen       total 105984K, used 39390K [0x00000000a0000000, 0x00000000a6780000, 0x00000000e0000000)
  object space 105984K, 37% used [0x00000000a0000000,0x00000000a26778b0,0x00000000a6780000)
 Metaspace       used 60980K, capacity 63198K, committed 63488K, reserved 1103872K
  class space    used 8355K, capacity 8855K, committed 8960K, reserved 1048576K
Event: 32.417 GC heap after
Heap after GC invocations=12 (full 3):
 PSYoungGen      total 222720K, used 16785K [0x00000000e0000000, 0x00000000f1980000, 0x0000000100000000)
  eden space 205312K, 0% used [0x00000000e0000000,0x00000000e0000000,0x00000000ec880000)
  from space 17408K, 96% used [0x00000000ec880000,0x00000000ed8e47b0,0x00000000ed980000)
  to   space 28160K, 0% used [0x00000000efe00000,0x00000000efe00000,0x00000000f1980000)
 ParOldGen       total 105984K, used 39398K [0x00000000a0000000, 0x00000000a6780000, 0x00000000e0000000)
  object space 105984K, 37% used [0x00000000a0000000,0x00000000a26798b0,0x00000000a6780000)
 Metaspace       used 60980K, capacity 63198K, committed 63488K, reserved 1103872K
  class space    used 8355K, capacity 8855K, committed 8960K, reserved 1048576K
}

