# JRE version: OpenJDK Runtime Environment (8.0_212-b04) (build 1.8.0_212-release-1586-b04)
# Java VM: OpenJDK 64-Bit Server VM (25.212-b04 mixed mode windows-amd64 compressed oops)
Heap:
 PSYoungGen      total 133120K, used 44280K [0x00000000e0000000, 0x00000000e9000000, 0x0000000100000000)
  eden space 124928K, 29% used [0x00000000e0000000,0x00000000e23ed848,0x00000000e7a00000)
  from space 8192K, 91% used [0x00000000e8800000,0x00000000e8f507c0,0x00000000e9000000)
  to   space 11264K, 0% used [0x00000000e7a00000,0x00000000e7a00000,0x00000000e8500000)
 ParOldGen       total 46592K, used 7742K [0x00000000a0000000, 0x00000000a2d80000, 0x00000000e0000000)
  object space 46592K, 16% used [0x00000000a0000000,0x00000000a078faa8,0x00000000a2d80000)
 Metaspace       used 30161K, capacity 30786K, committed 31104K, reserved 1075200K
  class space    used 4168K, capacity 4386K, committed 4480K, reserved 1048576K
GC Heap History (10 events):
Event: 7.927 GC heap before
{Heap before GC invocations=5 (full 0):
 PSYoungGen      total 37888K, used 37888K [0x00000000e0000000, 0x00000000e4a00000, 0x0000000100000000)
  eden space 32768K, 100% used [0x00000000e0000000,0x00000000e2000000,0x00000000e2000000)
  from space 5120K, 100% used [0x00000000e2500000,0x00000000e2a00000,0x00000000e2a00000)
  to   space 5120K, 0% used [0x00000000e2000000,0x00000000e2000000,0x00000000e2500000)
 ParOldGen       total 86016K, used 3781K [0x00000000a0000000, 0x00000000a5400000, 0x00000000e0000000)
  object space 86016K, 4% used [0x00000000a0000000,0x00000000a03b1488,0x00000000a5400000)
 Metaspace       used 17509K, capacity 17950K, committed 18176K, reserved 1064960K
  class space    used 2517K, capacity 2691K, committed 2816K, reserved 1048576K
Event: 7.947 GC heap after
Heap after GC invocations=5 (full 0):
 PSYoungGen      total 37888K, used 5104K [0x00000000e0000000, 0x00000000e5400000, 0x0000000100000000)
  eden space 32768K, 0% used [0x00000000e0000000,0x00000000e0000000,0x00000000e2000000)
  from space 5120K, 99% used [0x00000000e2000000,0x00000000e24fc030,0x00000000e2500000)
  to   space 10240K, 0% used [0x00000000e4a00000,0x00000000e4a00000,0x00000000e5400000)
 ParOldGen       total 86016K, used 7144K [0x00000000a0000000, 0x00000000a5400000, 0x00000000e0000000)
  object space 86016K, 8% used [0x00000000a0000000,0x00000000a06fa240,0x00000000a5400000)
 Metaspace       used 17509K, capacity 17950K, committed 18176K, reserved 1064960K
  class space    used 2517K, capacity 2691K, committed 2816K, reserved 1048576K
}
Event: 9.576 GC heap before
{Heap before GC invocations=6 (full 0):
 PSYoungGen      total 37888K, used 37872K [0x00000000e0000000, 0x00000000e5400000, 0x0000000100000000)
  eden space 32768K, 100% used [0x00000000e0000000,0x00000000e2000000,0x00000000e2000000)
  from space 5120K, 99% used [0x00000000e2000000,0x00000000e24fc030,0x00000000e2500000)
  to   space 10240K, 0% used [0x00000000e4a00000,0x00000000e4a00000,0x00000000e5400000)
 ParOldGen       total 86016K, used 7144K [0x00000000a0000000, 0x00000000a5400000, 0x00000000e0000000)
  object space 86016K, 8% used [0x00000000a0000000,0x00000000a06fa240,0x00000000a5400000)
 Metaspace       used 20687K, capacity 21190K, committed 21296K, reserved 1067008K
  class space    used 2996K, capacity 3136K, committed 3200K, reserved 1048576K
Event: 9.592 GC heap after
Heap after GC invocations=6 (full 0):
 PSYoungGen      total 74240K, used 9536K [0x00000000e0000000, 0x00000000e5700000, 0x0000000100000000)
  eden space 64000K, 0% used [0x00000000e0000000,0x00000000e0000000,0x00000000e3e80000)
  from space 10240K, 93% used [0x00000000e4a00000,0x00000000e5350070,0x00000000e5400000)
  to   space 11776K, 0% used [0x00000000e3e80000,0x00000000e3e80000,0x00000000e4a00000)
 ParOldGen       total 86016K, used 7152K [0x00000000a0000000, 0x00000000a5400000, 0x00000000e0000000)
  object space 86016K, 8% used [0x00000000a0000000,0x00000000a06fc240,0x00000000a5400000)
 Metaspace       used 20687K, capacity 21190K, committed 21296K, reserved 1067008K
  class space    used 2996K, capacity 3136K, committed 3200K, reserved 1048576K
}
Event: 9.609 GC heap before
{Heap before GC invocations=7 (full 0):
 PSYoungGen      total 74240K, used 10848K [0x00000000e0000000, 0x00000000e5700000, 0x0000000100000000)
  eden space 64000K, 2% used [0x00000000e0000000,0x00000000e0147fd8,0x00000000e3e80000)
  from space 10240K, 93% used [0x00000000e4a00000,0x00000000e5350070,0x00000000e5400000)
  to   space 11776K, 0% used [0x00000000e3e80000,0x00000000e3e80000,0x00000000e4a00000)
 ParOldGen       total 86016K, used 7152K [0x00000000a0000000, 0x00000000a5400000, 0x00000000e0000000)
  object space 86016K, 8% used [0x00000000a0000000,0x00000000a06fc240,0x00000000a5400000)
 Metaspace       used 20751K, capacity 21222K, committed 21296K, reserved 1067008K
  class space    used 3006K, capacity 3168K, committed 3200K, reserved 1048576K
Event: 9.629 GC heap after
Heap after GC invocations=7 (full 0):
 PSYoungGen      total 75776K, used 4692K [0x00000000e0000000, 0x00000000e9300000, 0x0000000100000000)
  eden space 64000K, 0% used [0x00000000e0000000,0x00000000e0000000,0x00000000e3e80000)
  from space 11776K, 39% used [0x00000000e3e80000,0x00000000e4315040,0x00000000e4a00000)
  to   space 11264K, 0% used [0x00000000e8800000,0x00000000e8800000,0x00000000e9300000)
 ParOldGen       total 86016K, used 9508K [0x00000000a0000000, 0x00000000a5400000, 0x00000000e0000000)
  object space 86016K, 11% used [0x00000000a0000000,0x00000000a09492a0,0x00000000a5400000)
 Metaspace       used 20751K, capacity 21222K, committed 21296K, reserved 1067008K
  class space    used 3006K, capacity 3168K, committed 3200K, reserved 1048576K
}
Event: 9.629 GC heap before
{Heap before GC invocations=8 (full 1):
 PSYoungGen      total 75776K, used 4692K [0x00000000e0000000, 0x00000000e9300000, 0x0000000100000000)
  eden space 64000K, 0% used [0x00000000e0000000,0x00000000e0000000,0x00000000e3e80000)
  from space 11776K, 39% used [0x00000000e3e80000,0x00000000e4315040,0x00000000e4a00000)
  to   space 11264K, 0% used [0x00000000e8800000,0x00000000e8800000,0x00000000e9300000)
 ParOldGen       total 86016K, used 9508K [0x00000000a0000000, 0x00000000a5400000, 0x00000000e0000000)
  object space 86016K, 11% used [0x00000000a0000000,0x00000000a09492a0,0x00000000a5400000)
 Metaspace       used 20751K, capacity 21222K, committed 21296K, reserved 1067008K
  class space    used 3006K, capacity 3168K, committed 3200K, reserved 1048576K
Event: 9.687 GC heap after
Heap after GC invocations=8 (full 1):
 PSYoungGen      total 75776K, used 0K [0x00000000e0000000, 0x00000000e9300000, 0x0000000100000000)
  eden space 64000K, 0% used [0x00000000e0000000,0x00000000e0000000,0x00000000e3e80000)
  from space 11776K, 0% used [0x00000000e3e80000,0x00000000e3e80000,0x00000000e4a00000)
  to   space 11264K, 0% used [0x00000000e8800000,0x00000000e8800000,0x00000000e9300000)
 ParOldGen       total 46592K, used 7734K [0x00000000a0000000, 0x00000000a2d80000, 0x00000000e0000000)
  object space 46592K, 16% used [0x00000000a0000000,0x00000000a078daa8,0x00000000a2d80000)
 Metaspace       used 20751K, capacity 21222K, committed 21296K, reserved 1067008K
  class space    used 3006K, capacity 3168K, committed 3200K, reserved 1048576K
}
Event: 12.369 GC heap before
{Heap before GC invocations=9 (full 1):
 PSYoungGen      total 75776K, used 64000K [0x00000000e0000000, 0x00000000e9300000, 0x0000000100000000)
  eden space 64000K, 100% used [0x00000000e0000000,0x00000000e3e80000,0x00000000e3e80000)
  from space 11776K, 0% used [0x00000000e3e80000,0x00000000e3e80000,0x00000000e4a00000)
  to   space 11264K, 0% used [0x00000000e8800000,0x00000000e8800000,0x00000000e9300000)
 ParOldGen       total 46592K, used 7734K [0x00000000a0000000, 0x00000000a2d80000, 0x00000000e0000000)
  object space 46592K, 16% used [0x00000000a0000000,0x00000000a078daa8,0x00000000a2d80000)
 Metaspace       used 28295K, capacity 28840K, committed 28928K, reserved 1075200K
  class space    used 3869K, capacity 4041K, committed 4096K, reserved 1048576K
Event: 12.378 GC heap after
Heap after GC invocations=9 (full 1):
 PSYoungGen      total 133120K, used 7489K [0x00000000e0000000, 0x00000000e9000000, 0x0000000100000000)
  eden space 124928K, 0% used [0x00000000e0000000,0x00000000e0000000,0x00000000e7a00000)
  from space 8192K, 91% used [0x00000000e8800000,0x00000000e8f507c0,0x00000000e9000000)
  to   space 11264K, 0% used [0x00000000e7a00000,0x00000000e7a00000,0x00000000e8500000)
 ParOldGen       total 46592K, used 7742K [0x00000000a0000000, 0x00000000a2d80000, 0x00000000e0000000)
  object space 46592K, 16% used [0x00000000a0000000,0x00000000a078faa8,0x00000000a2d80000)
 Metaspace       used 28295K, capacity 28840K, committed 28928K, reserved 1075200K
  class space    used 3869K, capacity 4041K, committed 4096K, reserved 1048576K
}

