# JRE version: OpenJDK Runtime Environment (8.0_212-b04) (build 1.8.0_212-release-1586-b04)
# Java VM: OpenJDK 64-Bit Server VM (25.212-b04 mixed mode windows-amd64 compressed oops)
Heap:
 PSYoungGen      total 199680K, used 159796K [0x00000000e0000000, 0x00000000ed500000, 0x0000000100000000)
  eden space 187392K, 85% used [0x00000000e0000000,0x00000000e9c0d108,0x00000000eb700000)
  from space 12288K, 0% used [0x00000000ec900000,0x00000000ec900000,0x00000000ed500000)
  to   space 14336K, 0% used [0x00000000eb900000,0x00000000eb900000,0x00000000ec700000)
 ParOldGen       total 91136K, used 33633K [0x00000000a0000000, 0x00000000a5900000, 0x00000000e0000000)
  object space 91136K, 36% used [0x00000000a0000000,0x00000000a20d8720,0x00000000a5900000)
 Metaspace       used 64709K, capacity 66860K, committed 67072K, reserved 1107968K
  class space    used 8856K, capacity 9346K, committed 9472K, reserved 1048576K
GC Heap History (10 events):
Event: 10.208 GC heap before
{Heap before GC invocations=11 (full 2):
 PSYoungGen      total 135680K, used 11255K [0x00000000e0000000, 0x00000000ed600000, 0x0000000100000000)
  eden space 124416K, 0% used [0x00000000e0000000,0x00000000e0000000,0x00000000e7980000)
  from space 11264K, 99% used [0x00000000e7980000,0x00000000e847dce8,0x00000000e8480000)
  to   space 13312K, 0% used [0x00000000ec900000,0x00000000ec900000,0x00000000ed600000)
 ParOldGen       total 47104K, used 8919K [0x00000000a0000000, 0x00000000a2e00000, 0x00000000e0000000)
  object space 47104K, 18% used [0x00000000a0000000,0x00000000a08b5c88,0x00000000a2e00000)
 Metaspace       used 34614K, capacity 35436K, committed 35496K, reserved 1079296K
  class space    used 4577K, capacity 4811K, committed 4864K, reserved 1048576K
Event: 10.279 GC heap after
Heap after GC invocations=11 (full 2):
 PSYoungGen      total 135680K, used 0K [0x00000000e0000000, 0x00000000ed600000, 0x0000000100000000)
  eden space 124416K, 0% used [0x00000000e0000000,0x00000000e0000000,0x00000000e7980000)
  from space 11264K, 0% used [0x00000000e7980000,0x00000000e7980000,0x00000000e8480000)
  to   space 13312K, 0% used [0x00000000ec900000,0x00000000ec900000,0x00000000ed600000)
 ParOldGen       total 62976K, used 19461K [0x00000000a0000000, 0x00000000a3d80000, 0x00000000e0000000)
  object space 62976K, 30% used [0x00000000a0000000,0x00000000a13017e8,0x00000000a3d80000)
 Metaspace       used 34568K, capacity 35332K, committed 35496K, reserved 1079296K
  class space    used 4566K, capacity 4799K, committed 4864K, reserved 1048576K
}
Event: 17.223 GC heap before
{Heap before GC invocations=12 (full 2):
 PSYoungGen      total 135680K, used 124416K [0x00000000e0000000, 0x00000000ed600000, 0x0000000100000000)
  eden space 124416K, 100% used [0x00000000e0000000,0x00000000e7980000,0x00000000e7980000)
  from space 11264K, 0% used [0x00000000e7980000,0x00000000e7980000,0x00000000e8480000)
  to   space 13312K, 0% used [0x00000000ec900000,0x00000000ec900000,0x00000000ed600000)
 ParOldGen       total 62976K, used 19461K [0x00000000a0000000, 0x00000000a3d80000, 0x00000000e0000000)
  object space 62976K, 30% used [0x00000000a0000000,0x00000000a13017e8,0x00000000a3d80000)
 Metaspace       used 41706K, capacity 42986K, committed 43136K, reserved 1087488K
  class space    used 5588K, capacity 5910K, committed 6016K, reserved 1048576K
Event: 17.250 GC heap after
Heap after GC invocations=12 (full 2):
 PSYoungGen      total 199680K, used 12173K [0x00000000e0000000, 0x00000000ed500000, 0x0000000100000000)
  eden space 187392K, 0% used [0x00000000e0000000,0x00000000e0000000,0x00000000eb700000)
  from space 12288K, 99% used [0x00000000ec900000,0x00000000ed4e37e8,0x00000000ed500000)
  to   space 14336K, 0% used [0x00000000eb900000,0x00000000eb900000,0x00000000ec700000)
 ParOldGen       total 62976K, used 19469K [0x00000000a0000000, 0x00000000a3d80000, 0x00000000e0000000)
  object space 62976K, 30% used [0x00000000a0000000,0x00000000a13037e8,0x00000000a3d80000)
 Metaspace       used 41706K, capacity 42986K, committed 43136K, reserved 1087488K
  class space    used 5588K, capacity 5910K, committed 6016K, reserved 1048576K
}
Event: 24.102 GC heap before
{Heap before GC invocations=13 (full 2):
 PSYoungGen      total 199680K, used 199565K [0x00000000e0000000, 0x00000000ed500000, 0x0000000100000000)
  eden space 187392K, 100% used [0x00000000e0000000,0x00000000eb700000,0x00000000eb700000)
  from space 12288K, 99% used [0x00000000ec900000,0x00000000ed4e37e8,0x00000000ed500000)
  to   space 14336K, 0% used [0x00000000eb900000,0x00000000eb900000,0x00000000ec700000)
 ParOldGen       total 62976K, used 19469K [0x00000000a0000000, 0x00000000a3d80000, 0x00000000e0000000)
  object space 62976K, 30% used [0x00000000a0000000,0x00000000a13037e8,0x00000000a3d80000)
 Metaspace       used 56423K, capacity 58340K, committed 58496K, reserved 1099776K
  class space    used 7585K, capacity 8020K, committed 8064K, reserved 1048576K
Event: 24.152 GC heap after
Heap after GC invocations=13 (full 2):
 PSYoungGen      total 201728K, used 14319K [0x00000000e0000000, 0x00000000ed500000, 0x0000000100000000)
  eden space 187392K, 0% used [0x00000000e0000000,0x00000000e0000000,0x00000000eb700000)
  from space 14336K, 99% used [0x00000000eb900000,0x00000000ec6fbd50,0x00000000ec700000)
  to   space 12288K, 0% used [0x00000000ec900000,0x00000000ec900000,0x00000000ed500000)
 ParOldGen       total 62976K, used 33968K [0x00000000a0000000, 0x00000000a3d80000, 0x00000000e0000000)
  object space 62976K, 53% used [0x00000000a0000000,0x00000000a212c2d8,0x00000000a3d80000)
 Metaspace       used 56423K, capacity 58340K, committed 58496K, reserved 1099776K
  class space    used 7585K, capacity 8020K, committed 8064K, reserved 1048576K
}
Event: 24.867 GC heap before
{Heap before GC invocations=14 (full 2):
 PSYoungGen      total 201728K, used 35535K [0x00000000e0000000, 0x00000000ed500000, 0x0000000100000000)
  eden space 187392K, 11% used [0x00000000e0000000,0x00000000e14b80f0,0x00000000eb700000)
  from space 14336K, 99% used [0x00000000eb900000,0x00000000ec6fbd50,0x00000000ec700000)
  to   space 12288K, 0% used [0x00000000ec900000,0x00000000ec900000,0x00000000ed500000)
 ParOldGen       total 62976K, used 33968K [0x00000000a0000000, 0x00000000a3d80000, 0x00000000e0000000)
  object space 62976K, 53% used [0x00000000a0000000,0x00000000a212c2d8,0x00000000a3d80000)
 Metaspace       used 57225K, capacity 59048K, committed 59136K, reserved 1099776K
  class space    used 7715K, capacity 8148K, committed 8192K, reserved 1048576K
Event: 24.911 GC heap after
Heap after GC invocations=14 (full 2):
 PSYoungGen      total 199680K, used 1045K [0x00000000e0000000, 0x00000000ed500000, 0x0000000100000000)
  eden space 187392K, 0% used [0x00000000e0000000,0x00000000e0000000,0x00000000eb700000)
  from space 12288K, 8% used [0x00000000ec900000,0x00000000eca05458,0x00000000ed500000)
  to   space 14336K, 0% used [0x00000000eb900000,0x00000000eb900000,0x00000000ec700000)
 ParOldGen       total 62976K, used 45669K [0x00000000a0000000, 0x00000000a3d80000, 0x00000000e0000000)
  object space 62976K, 72% used [0x00000000a0000000,0x00000000a2c996b0,0x00000000a3d80000)
 Metaspace       used 57225K, capacity 59048K, committed 59136K, reserved 1099776K
  class space    used 7715K, capacity 8148K, committed 8192K, reserved 1048576K
}
Event: 24.911 GC heap before
{Heap before GC invocations=15 (full 3):
 PSYoungGen      total 199680K, used 1045K [0x00000000e0000000, 0x00000000ed500000, 0x0000000100000000)
  eden space 187392K, 0% used [0x00000000e0000000,0x00000000e0000000,0x00000000eb700000)
  from space 12288K, 8% used [0x00000000ec900000,0x00000000eca05458,0x00000000ed500000)
  to   space 14336K, 0% used [0x00000000eb900000,0x00000000eb900000,0x00000000ec700000)
 ParOldGen       total 62976K, used 45669K [0x00000000a0000000, 0x00000000a3d80000, 0x00000000e0000000)
  object space 62976K, 72% used [0x00000000a0000000,0x00000000a2c996b0,0x00000000a3d80000)
 Metaspace       used 57225K, capacity 59048K, committed 59136K, reserved 1099776K
  class space    used 7715K, capacity 8148K, committed 8192K, reserved 1048576K
Event: 25.374 GC heap after
Heap after GC invocations=15 (full 3):
 PSYoungGen      total 199680K, used 0K [0x00000000e0000000, 0x00000000ed500000, 0x0000000100000000)
  eden space 187392K, 0% used [0x00000000e0000000,0x00000000e0000000,0x00000000eb700000)
  from space 12288K, 0% used [0x00000000ec900000,0x00000000ec900000,0x00000000ed500000)
  to   space 14336K, 0% used [0x00000000eb900000,0x00000000eb900000,0x00000000ec700000)
 ParOldGen       total 91136K, used 33633K [0x00000000a0000000, 0x00000000a5900000, 0x00000000e0000000)
  object space 91136K, 36% used [0x00000000a0000000,0x00000000a20d8720,0x00000000a5900000)
 Metaspace       used 57190K, capacity 58930K, committed 59136K, reserved 1099776K
  class space    used 7706K, capacity 8135K, committed 8192K, reserved 1048576K
}

