# JRE version: OpenJDK Runtime Environment (8.0_212-b04) (build 1.8.0_212-release-1586-b04)
# Java VM: OpenJDK 64-Bit Server VM (25.212-b04 mixed mode windows-amd64 compressed oops)
Heap:
 PSYoungGen      total 241152K, used 25287K [0x00000000e0000000, 0x00000000f1a80000, 0x0000000100000000)
  eden space 225280K, 11% used [0x00000000e0000000,0x00000000e18b1f10,0x00000000edc00000)
  from space 15872K, 0% used [0x00000000efb80000,0x00000000efb80000,0x00000000f0b00000)
  to   space 13312K, 0% used [0x00000000f0d80000,0x00000000f0d80000,0x00000000f1a80000)
 ParOldGen       total 91648K, used 34092K [0x00000000a0000000, 0x00000000a5980000, 0x00000000e0000000)
  object space 91648K, 37% used [0x00000000a0000000,0x00000000a214b1a8,0x00000000a5980000)
 Metaspace       used 58059K, capacity 60012K, committed 60160K, reserved 1101824K
  class space    used 7919K, capacity 8360K, committed 8448K, reserved 1048576K
GC Heap History (10 events):
Event: 13.532 GC heap before
{Heap before GC invocations=8 (full 1):
 PSYoungGen      total 238592K, used 76778K [0x00000000e0000000, 0x00000000f1a80000, 0x0000000100000000)
  eden space 225280K, 28% used [0x00000000e0000000,0x00000000e3e1f9b8,0x00000000edc00000)
  from space 13312K, 98% used [0x00000000f0d80000,0x00000000f1a5b230,0x00000000f1a80000)
  to   space 15872K, 0% used [0x00000000efb80000,0x00000000efb80000,0x00000000f0b00000)
 ParOldGen       total 57856K, used 8177K [0x00000000a0000000, 0x00000000a3880000, 0x00000000e0000000)
  object space 57856K, 14% used [0x00000000a0000000,0x00000000a07fc7b0,0x00000000a3880000)
 Metaspace       used 34622K, capacity 35386K, committed 35496K, reserved 1079296K
  class space    used 4769K, capacity 5026K, committed 5120K, reserved 1048576K
Event: 13.561 GC heap after
Heap after GC invocations=8 (full 1):
 PSYoungGen      total 241152K, used 11434K [0x00000000e0000000, 0x00000000f1a80000, 0x0000000100000000)
  eden space 225280K, 0% used [0x00000000e0000000,0x00000000e0000000,0x00000000edc00000)
  from space 15872K, 72% used [0x00000000efb80000,0x00000000f06aa9c8,0x00000000f0b00000)
  to   space 13312K, 0% used [0x00000000f0d80000,0x00000000f0d80000,0x00000000f1a80000)
 ParOldGen       total 57856K, used 8185K [0x00000000a0000000, 0x00000000a3880000, 0x00000000e0000000)
  object space 57856K, 14% used [0x00000000a0000000,0x00000000a07fe7b0,0x00000000a3880000)
 Metaspace       used 34622K, capacity 35386K, committed 35496K, reserved 1079296K
  class space    used 4769K, capacity 5026K, committed 5120K, reserved 1048576K
}
Event: 13.561 GC heap before
{Heap before GC invocations=9 (full 2):
 PSYoungGen      total 241152K, used 11434K [0x00000000e0000000, 0x00000000f1a80000, 0x0000000100000000)
  eden space 225280K, 0% used [0x00000000e0000000,0x00000000e0000000,0x00000000edc00000)
  from space 15872K, 72% used [0x00000000efb80000,0x00000000f06aa9c8,0x00000000f0b00000)
  to   space 13312K, 0% used [0x00000000f0d80000,0x00000000f0d80000,0x00000000f1a80000)
 ParOldGen       total 57856K, used 8185K [0x00000000a0000000, 0x00000000a3880000, 0x00000000e0000000)
  object space 57856K, 14% used [0x00000000a0000000,0x00000000a07fe7b0,0x00000000a3880000)
 Metaspace       used 34622K, capacity 35386K, committed 35496K, reserved 1079296K
  class space    used 4769K, capacity 5026K, committed 5120K, reserved 1048576K
Event: 13.817 GC heap after
Heap after GC invocations=9 (full 2):
 PSYoungGen      total 241152K, used 0K [0x00000000e0000000, 0x00000000f1a80000, 0x0000000100000000)
  eden space 225280K, 0% used [0x00000000e0000000,0x00000000e0000000,0x00000000edc00000)
  from space 15872K, 0% used [0x00000000efb80000,0x00000000efb80000,0x00000000f0b00000)
  to   space 13312K, 0% used [0x00000000f0d80000,0x00000000f0d80000,0x00000000f1a80000)
 ParOldGen       total 91648K, used 18684K [0x00000000a0000000, 0x00000000a5980000, 0x00000000e0000000)
  object space 91648K, 20% used [0x00000000a0000000,0x00000000a123f2d0,0x00000000a5980000)
 Metaspace       used 34622K, capacity 35386K, committed 35496K, reserved 1079296K
  class space    used 4769K, capacity 5026K, committed 5120K, reserved 1048576K
}
Event: 22.630 GC heap before
{Heap before GC invocations=10 (full 2):
 PSYoungGen      total 241152K, used 225280K [0x00000000e0000000, 0x00000000f1a80000, 0x0000000100000000)
  eden space 225280K, 100% used [0x00000000e0000000,0x00000000edc00000,0x00000000edc00000)
  from space 15872K, 0% used [0x00000000efb80000,0x00000000efb80000,0x00000000f0b00000)
  to   space 13312K, 0% used [0x00000000f0d80000,0x00000000f0d80000,0x00000000f1a80000)
 ParOldGen       total 91648K, used 18684K [0x00000000a0000000, 0x00000000a5980000, 0x00000000e0000000)
  object space 91648K, 20% used [0x00000000a0000000,0x00000000a123f2d0,0x00000000a5980000)
 Metaspace       used 55008K, capacity 56788K, committed 57088K, reserved 1097728K
  class space    used 7401K, capacity 7828K, committed 7936K, reserved 1048576K
Event: 22.679 GC heap after
Heap after GC invocations=10 (full 2):
 PSYoungGen      total 238592K, used 13280K [0x00000000e0000000, 0x00000000f1a80000, 0x0000000100000000)
  eden space 225280K, 0% used [0x00000000e0000000,0x00000000e0000000,0x00000000edc00000)
  from space 13312K, 99% used [0x00000000f0d80000,0x00000000f1a783b0,0x00000000f1a80000)
  to   space 15872K, 0% used [0x00000000efb80000,0x00000000efb80000,0x00000000f0b00000)
 ParOldGen       total 91648K, used 33335K [0x00000000a0000000, 0x00000000a5980000, 0x00000000e0000000)
  object space 91648K, 36% used [0x00000000a0000000,0x00000000a208dc38,0x00000000a5980000)
 Metaspace       used 55008K, capacity 56788K, committed 57088K, reserved 1097728K
  class space    used 7401K, capacity 7828K, committed 7936K, reserved 1048576K
}
Event: 24.822 GC heap before
{Heap before GC invocations=11 (full 2):
 PSYoungGen      total 238592K, used 74481K [0x00000000e0000000, 0x00000000f1a80000, 0x0000000100000000)
  eden space 225280K, 27% used [0x00000000e0000000,0x00000000e3bc4400,0x00000000edc00000)
  from space 13312K, 99% used [0x00000000f0d80000,0x00000000f1a783b0,0x00000000f1a80000)
  to   space 15872K, 0% used [0x00000000efb80000,0x00000000efb80000,0x00000000f0b00000)
 ParOldGen       total 91648K, used 33335K [0x00000000a0000000, 0x00000000a5980000, 0x00000000e0000000)
  object space 91648K, 36% used [0x00000000a0000000,0x00000000a208dc38,0x00000000a5980000)
 Metaspace       used 57030K, capacity 58972K, committed 59136K, reserved 1099776K
  class space    used 7737K, capacity 8164K, committed 8192K, reserved 1048576K
Event: 24.872 GC heap after
Heap after GC invocations=11 (full 2):
 PSYoungGen      total 241152K, used 15860K [0x00000000e0000000, 0x00000000f1a80000, 0x0000000100000000)
  eden space 225280K, 0% used [0x00000000e0000000,0x00000000e0000000,0x00000000edc00000)
  from space 15872K, 99% used [0x00000000efb80000,0x00000000f0afd3e0,0x00000000f0b00000)
  to   space 13312K, 0% used [0x00000000f0d80000,0x00000000f0d80000,0x00000000f1a80000)
 ParOldGen       total 91648K, used 34947K [0x00000000a0000000, 0x00000000a5980000, 0x00000000e0000000)
  object space 91648K, 38% used [0x00000000a0000000,0x00000000a2220ea0,0x00000000a5980000)
 Metaspace       used 57030K, capacity 58972K, committed 59136K, reserved 1099776K
  class space    used 7737K, capacity 8164K, committed 8192K, reserved 1048576K
}
Event: 24.872 GC heap before
{Heap before GC invocations=12 (full 3):
 PSYoungGen      total 241152K, used 15860K [0x00000000e0000000, 0x00000000f1a80000, 0x0000000100000000)
  eden space 225280K, 0% used [0x00000000e0000000,0x00000000e0000000,0x00000000edc00000)
  from space 15872K, 99% used [0x00000000efb80000,0x00000000f0afd3e0,0x00000000f0b00000)
  to   space 13312K, 0% used [0x00000000f0d80000,0x00000000f0d80000,0x00000000f1a80000)
 ParOldGen       total 91648K, used 34947K [0x00000000a0000000, 0x00000000a5980000, 0x00000000e0000000)
  object space 91648K, 38% used [0x00000000a0000000,0x00000000a2220ea0,0x00000000a5980000)
 Metaspace       used 57030K, capacity 58972K, committed 59136K, reserved 1099776K
  class space    used 7737K, capacity 8164K, committed 8192K, reserved 1048576K
Event: 25.574 GC heap after
Heap after GC invocations=12 (full 3):
 PSYoungGen      total 241152K, used 0K [0x00000000e0000000, 0x00000000f1a80000, 0x0000000100000000)
  eden space 225280K, 0% used [0x00000000e0000000,0x00000000e0000000,0x00000000edc00000)
  from space 15872K, 0% used [0x00000000efb80000,0x00000000efb80000,0x00000000f0b00000)
  to   space 13312K, 0% used [0x00000000f0d80000,0x00000000f0d80000,0x00000000f1a80000)
 ParOldGen       total 91648K, used 34092K [0x00000000a0000000, 0x00000000a5980000, 0x00000000e0000000)
  object space 91648K, 37% used [0x00000000a0000000,0x00000000a214b1a8,0x00000000a5980000)
 Metaspace       used 56993K, capacity 58848K, committed 59136K, reserved 1099776K
  class space    used 7727K, capacity 8150K, committed 8192K, reserved 1048576K
}

