# JRE version: OpenJDK Runtime Environment (8.0_212-b04) (build 1.8.0_212-release-1586-b04)
# Java VM: OpenJDK 64-Bit Server VM (25.212-b04 mixed mode windows-amd64 compressed oops)
Heap:
 PSYoungGen      total 140800K, used 26975K [0x00000000e0000000, 0x00000000eb900000, 0x0000000100000000)
  eden space 128512K, 11% used [0x00000000e0000000,0x00000000e0e5bc88,0x00000000e7d80000)
  from space 12288K, 99% used [0x00000000e7d80000,0x00000000e897c208,0x00000000e8980000)
  to   space 16384K, 0% used [0x00000000ea900000,0x00000000ea900000,0x00000000eb900000)
 ParOldGen       total 72192K, used 24380K [0x00000000a0000000, 0x00000000a4680000, 0x00000000e0000000)
  object space 72192K, 33% used [0x00000000a0000000,0x00000000a17cf378,0x00000000a4680000)
 Metaspace       used 52272K, capacity 53890K, committed 54016K, reserved 1095680K
  class space    used 6916K, capacity 7317K, committed 7424K, reserved 1048576K
GC Heap History (10 events):
Event: 12.870 GC heap before
{Heap before GC invocations=11 (full 1):
 PSYoungGen      total 69632K, used 65652K [0x00000000e0000000, 0x00000000e6d80000, 0x0000000100000000)
  eden space 58368K, 100% used [0x00000000e0000000,0x00000000e3900000,0x00000000e3900000)
  from space 11264K, 64% used [0x00000000e3900000,0x00000000e401d2f0,0x00000000e4400000)
  to   space 11264K, 0% used [0x00000000e6280000,0x00000000e6280000,0x00000000e6d80000)
 ParOldGen       total 48128K, used 7726K [0x00000000a0000000, 0x00000000a2f00000, 0x00000000e0000000)
  object space 48128K, 16% used [0x00000000a0000000,0x00000000a078b9d8,0x00000000a2f00000)
 Metaspace       used 33299K, capacity 34052K, committed 34304K, reserved 1079296K
  class space    used 4537K, capacity 4778K, committed 4864K, reserved 1048576K
Event: 12.901 GC heap after
Heap after GC invocations=11 (full 1):
 PSYoungGen      total 98816K, used 7198K [0x00000000e0000000, 0x00000000e6c80000, 0x0000000100000000)
  eden space 88576K, 0% used [0x00000000e0000000,0x00000000e0000000,0x00000000e5680000)
  from space 10240K, 70% used [0x00000000e6280000,0x00000000e6987b70,0x00000000e6c80000)
  to   space 11264K, 0% used [0x00000000e5680000,0x00000000e5680000,0x00000000e6180000)
 ParOldGen       total 48128K, used 10178K [0x00000000a0000000, 0x00000000a2f00000, 0x00000000e0000000)
  object space 48128K, 21% used [0x00000000a0000000,0x00000000a09f0a08,0x00000000a2f00000)
 Metaspace       used 33299K, capacity 34052K, committed 34304K, reserved 1079296K
  class space    used 4537K, capacity 4778K, committed 4864K, reserved 1048576K
}
Event: 14.201 GC heap before
{Heap before GC invocations=12 (full 1):
 PSYoungGen      total 98816K, used 31828K [0x00000000e0000000, 0x00000000e6c80000, 0x0000000100000000)
  eden space 88576K, 27% used [0x00000000e0000000,0x00000000e180d878,0x00000000e5680000)
  from space 10240K, 70% used [0x00000000e6280000,0x00000000e6987b70,0x00000000e6c80000)
  to   space 11264K, 0% used [0x00000000e5680000,0x00000000e5680000,0x00000000e6180000)
 ParOldGen       total 48128K, used 10178K [0x00000000a0000000, 0x00000000a2f00000, 0x00000000e0000000)
  object space 48128K, 21% used [0x00000000a0000000,0x00000000a09f0a08,0x00000000a2f00000)
 Metaspace       used 34689K, capacity 35388K, committed 35456K, reserved 1079296K
  class space    used 4756K, capacity 4984K, committed 4992K, reserved 1048576K
Event: 14.212 GC heap after
Heap after GC invocations=12 (full 1):
 PSYoungGen      total 99840K, used 2507K [0x00000000e0000000, 0x00000000e9700000, 0x0000000100000000)
  eden space 88576K, 0% used [0x00000000e0000000,0x00000000e0000000,0x00000000e5680000)
  from space 11264K, 22% used [0x00000000e5680000,0x00000000e58f2d48,0x00000000e6180000)
  to   space 11264K, 0% used [0x00000000e8c00000,0x00000000e8c00000,0x00000000e9700000)
 ParOldGen       total 48128K, used 14815K [0x00000000a0000000, 0x00000000a2f00000, 0x00000000e0000000)
  object space 48128K, 30% used [0x00000000a0000000,0x00000000a0e77d60,0x00000000a2f00000)
 Metaspace       used 34689K, capacity 35388K, committed 35456K, reserved 1079296K
  class space    used 4756K, capacity 4984K, committed 4992K, reserved 1048576K
}
Event: 14.212 GC heap before
{Heap before GC invocations=13 (full 2):
 PSYoungGen      total 99840K, used 2507K [0x00000000e0000000, 0x00000000e9700000, 0x0000000100000000)
  eden space 88576K, 0% used [0x00000000e0000000,0x00000000e0000000,0x00000000e5680000)
  from space 11264K, 22% used [0x00000000e5680000,0x00000000e58f2d48,0x00000000e6180000)
  to   space 11264K, 0% used [0x00000000e8c00000,0x00000000e8c00000,0x00000000e9700000)
 ParOldGen       total 48128K, used 14815K [0x00000000a0000000, 0x00000000a2f00000, 0x00000000e0000000)
  object space 48128K, 30% used [0x00000000a0000000,0x00000000a0e77d60,0x00000000a2f00000)
 Metaspace       used 34689K, capacity 35388K, committed 35456K, reserved 1079296K
  class space    used 4756K, capacity 4984K, committed 4992K, reserved 1048576K
Event: 14.457 GC heap after
Heap after GC invocations=13 (full 2):
 PSYoungGen      total 99840K, used 0K [0x00000000e0000000, 0x00000000e9700000, 0x0000000100000000)
  eden space 88576K, 0% used [0x00000000e0000000,0x00000000e0000000,0x00000000e5680000)
  from space 11264K, 0% used [0x00000000e5680000,0x00000000e5680000,0x00000000e6180000)
  to   space 11264K, 0% used [0x00000000e8c00000,0x00000000e8c00000,0x00000000e9700000)
 ParOldGen       total 72192K, used 16910K [0x00000000a0000000, 0x00000000a4680000, 0x00000000e0000000)
  object space 72192K, 23% used [0x00000000a0000000,0x00000000a1083860,0x00000000a4680000)
 Metaspace       used 34689K, capacity 35388K, committed 35456K, reserved 1079296K
  class space    used 4756K, capacity 4984K, committed 4992K, reserved 1048576K
}
Event: 19.150 GC heap before
{Heap before GC invocations=14 (full 2):
 PSYoungGen      total 99840K, used 88576K [0x00000000e0000000, 0x00000000e9700000, 0x0000000100000000)
  eden space 88576K, 100% used [0x00000000e0000000,0x00000000e5680000,0x00000000e5680000)
  from space 11264K, 0% used [0x00000000e5680000,0x00000000e5680000,0x00000000e6180000)
  to   space 11264K, 0% used [0x00000000e8c00000,0x00000000e8c00000,0x00000000e9700000)
 ParOldGen       total 72192K, used 16910K [0x00000000a0000000, 0x00000000a4680000, 0x00000000e0000000)
  object space 72192K, 23% used [0x00000000a0000000,0x00000000a1083860,0x00000000a4680000)
 Metaspace       used 41038K, capacity 42186K, committed 42496K, reserved 1085440K
  class space    used 5526K, capacity 5815K, committed 5888K, reserved 1048576K
Event: 19.165 GC heap after
Heap after GC invocations=14 (full 2):
 PSYoungGen      total 128512K, used 9656K [0x00000000e0000000, 0x00000000e9580000, 0x0000000100000000)
  eden space 118784K, 0% used [0x00000000e0000000,0x00000000e0000000,0x00000000e7400000)
  from space 9728K, 99% used [0x00000000e8c00000,0x00000000e956e258,0x00000000e9580000)
  to   space 12288K, 0% used [0x00000000e7d80000,0x00000000e7d80000,0x00000000e8980000)
 ParOldGen       total 72192K, used 16918K [0x00000000a0000000, 0x00000000a4680000, 0x00000000e0000000)
  object space 72192K, 23% used [0x00000000a0000000,0x00000000a1085860,0x00000000a4680000)
 Metaspace       used 41038K, capacity 42186K, committed 42496K, reserved 1085440K
  class space    used 5526K, capacity 5815K, committed 5888K, reserved 1048576K
}
Event: 24.117 GC heap before
{Heap before GC invocations=15 (full 2):
 PSYoungGen      total 128512K, used 128440K [0x00000000e0000000, 0x00000000e9580000, 0x0000000100000000)
  eden space 118784K, 100% used [0x00000000e0000000,0x00000000e7400000,0x00000000e7400000)
  from space 9728K, 99% used [0x00000000e8c00000,0x00000000e956e258,0x00000000e9580000)
  to   space 12288K, 0% used [0x00000000e7d80000,0x00000000e7d80000,0x00000000e8980000)
 ParOldGen       total 72192K, used 16918K [0x00000000a0000000, 0x00000000a4680000, 0x00000000e0000000)
  object space 72192K, 23% used [0x00000000a0000000,0x00000000a1085860,0x00000000a4680000)
 Metaspace       used 51741K, capacity 53230K, committed 53632K, reserved 1095680K
  class space    used 6827K, capacity 7207K, committed 7296K, reserved 1048576K
Event: 24.196 GC heap after
Heap after GC invocations=15 (full 2):
 PSYoungGen      total 140800K, used 12272K [0x00000000e0000000, 0x00000000eb900000, 0x0000000100000000)
  eden space 128512K, 0% used [0x00000000e0000000,0x00000000e0000000,0x00000000e7d80000)
  from space 12288K, 99% used [0x00000000e7d80000,0x00000000e897c208,0x00000000e8980000)
  to   space 16384K, 0% used [0x00000000ea900000,0x00000000ea900000,0x00000000eb900000)
 ParOldGen       total 72192K, used 24380K [0x00000000a0000000, 0x00000000a4680000, 0x00000000e0000000)
  object space 72192K, 33% used [0x00000000a0000000,0x00000000a17cf378,0x00000000a4680000)
 Metaspace       used 51741K, capacity 53230K, committed 53632K, reserved 1095680K
  class space    used 6827K, capacity 7207K, committed 7296K, reserved 1048576K
}

