# JRE version: OpenJDK Runtime Environment (8.0_212-b04) (build 1.8.0_212-release-1586-b04)
# Java VM: OpenJDK 64-Bit Server VM (25.212-b04 mixed mode windows-amd64 compressed oops)
Heap:
 PSYoungGen      total 476672K, used 445334K [0x00000000e0000000, 0x0000000100000000, 0x0000000100000000)
  eden space 441856K, 97% used [0x00000000e0000000,0x00000000fa685d80,0x00000000faf80000)
  from space 34816K, 36% used [0x00000000faf80000,0x00000000fbbdfb80,0x00000000fd180000)
  to   space 33280K, 0% used [0x00000000fdf80000,0x00000000fdf80000,0x0000000100000000)
 ParOldGen       total 162816K, used 73212K [0x00000000a0000000, 0x00000000a9f00000, 0x00000000e0000000)
  object space 162816K, 44% used [0x00000000a0000000,0x00000000a477f330,0x00000000a9f00000)
 Metaspace       used 71752K, capacity 75176K, committed 75392K, reserved 1114112K
  class space    used 9690K, capacity 10346K, committed 10368K, reserved 1048576K
GC Heap History (10 events):
Event: 115.282 GC heap before
{Heap before GC invocations=24 (full 3):
 PSYoungGen      total 330240K, used 311058K [0x00000000e0000000, 0x00000000f6b00000, 0x0000000100000000)
  eden space 296960K, 100% used [0x00000000e0000000,0x00000000f2200000,0x00000000f2200000)
  from space 33280K, 42% used [0x00000000f4a80000,0x00000000f5844ae0,0x00000000f6b00000)
  to   space 37376K, 0% used [0x00000000f2200000,0x00000000f2200000,0x00000000f4680000)
 ParOldGen       total 162816K, used 57875K [0x00000000a0000000, 0x00000000a9f00000, 0x00000000e0000000)
  object space 162816K, 35% used [0x00000000a0000000,0x00000000a3884e40,0x00000000a9f00000)
 Metaspace       used 71535K, capacity 74942K, committed 75136K, reserved 1114112K
  class space    used 9682K, capacity 10343K, committed 10368K, reserved 1048576K
Event: 115.383 GC heap after
Heap after GC invocations=24 (full 3):
 PSYoungGen      total 334336K, used 9715K [0x00000000e0000000, 0x00000000faf80000, 0x0000000100000000)
  eden space 296960K, 0% used [0x00000000e0000000,0x00000000e0000000,0x00000000f2200000)
  from space 37376K, 25% used [0x00000000f2200000,0x00000000f2b7ce98,0x00000000f4680000)
  to   space 36864K, 0% used [0x00000000f8b80000,0x00000000f8b80000,0x00000000faf80000)
 ParOldGen       total 162816K, used 64200K [0x00000000a0000000, 0x00000000a9f00000, 0x00000000e0000000)
  object space 162816K, 39% used [0x00000000a0000000,0x00000000a3eb22c8,0x00000000a9f00000)
 Metaspace       used 71535K, capacity 74942K, committed 75136K, reserved 1114112K
  class space    used 9682K, capacity 10343K, committed 10368K, reserved 1048576K
}
Event: 117.804 GC heap before
{Heap before GC invocations=25 (full 3):
 PSYoungGen      total 334336K, used 306675K [0x00000000e0000000, 0x00000000faf80000, 0x0000000100000000)
  eden space 296960K, 100% used [0x00000000e0000000,0x00000000f2200000,0x00000000f2200000)
  from space 37376K, 25% used [0x00000000f2200000,0x00000000f2b7ce98,0x00000000f4680000)
  to   space 36864K, 0% used [0x00000000f8b80000,0x00000000f8b80000,0x00000000faf80000)
 ParOldGen       total 162816K, used 64200K [0x00000000a0000000, 0x00000000a9f00000, 0x00000000e0000000)
  object space 162816K, 39% used [0x00000000a0000000,0x00000000a3eb22c8,0x00000000a9f00000)
 Metaspace       used 71569K, capacity 75018K, committed 75136K, reserved 1114112K
  class space    used 9683K, capacity 10343K, committed 10368K, reserved 1048576K
Event: 117.911 GC heap after
Heap after GC invocations=25 (full 3):
 PSYoungGen      total 405504K, used 8557K [0x00000000e0000000, 0x00000000faf80000, 0x0000000100000000)
  eden space 368640K, 0% used [0x00000000e0000000,0x00000000e0000000,0x00000000f6800000)
  from space 36864K, 23% used [0x00000000f8b80000,0x00000000f93db4b0,0x00000000faf80000)
  to   space 36352K, 0% used [0x00000000f6800000,0x00000000f6800000,0x00000000f8b80000)
 ParOldGen       total 162816K, used 68289K [0x00000000a0000000, 0x00000000a9f00000, 0x00000000e0000000)
  object space 162816K, 41% used [0x00000000a0000000,0x00000000a42b0668,0x00000000a9f00000)
 Metaspace       used 71569K, capacity 75018K, committed 75136K, reserved 1114112K
  class space    used 9683K, capacity 10343K, committed 10368K, reserved 1048576K
}
Event: 124.765 GC heap before
{Heap before GC invocations=26 (full 3):
 PSYoungGen      total 405504K, used 377197K [0x00000000e0000000, 0x00000000faf80000, 0x0000000100000000)
  eden space 368640K, 100% used [0x00000000e0000000,0x00000000f6800000,0x00000000f6800000)
  from space 36864K, 23% used [0x00000000f8b80000,0x00000000f93db4b0,0x00000000faf80000)
  to   space 36352K, 0% used [0x00000000f6800000,0x00000000f6800000,0x00000000f8b80000)
 ParOldGen       total 162816K, used 68289K [0x00000000a0000000, 0x00000000a9f00000, 0x00000000e0000000)
  object space 162816K, 41% used [0x00000000a0000000,0x00000000a42b0668,0x00000000a9f00000)
 Metaspace       used 71601K, capacity 75018K, committed 75136K, reserved 1114112K
  class space    used 9683K, capacity 10343K, committed 10368K, reserved 1048576K
Event: 124.792 GC heap after
Heap after GC invocations=26 (full 3):
 PSYoungGen      total 404992K, used 8447K [0x00000000e0000000, 0x00000000ffb80000, 0x0000000100000000)
  eden space 368640K, 0% used [0x00000000e0000000,0x00000000e0000000,0x00000000f6800000)
  from space 36352K, 23% used [0x00000000f6800000,0x00000000f703fe50,0x00000000f8b80000)
  to   space 35328K, 0% used [0x00000000fd900000,0x00000000fd900000,0x00000000ffb80000)
 ParOldGen       total 162816K, used 69329K [0x00000000a0000000, 0x00000000a9f00000, 0x00000000e0000000)
  object space 162816K, 42% used [0x00000000a0000000,0x00000000a43b4668,0x00000000a9f00000)
 Metaspace       used 71601K, capacity 75018K, committed 75136K, reserved 1114112K
  class space    used 9683K, capacity 10343K, committed 10368K, reserved 1048576K
}
Event: 135.213 GC heap before
{Heap before GC invocations=27 (full 3):
 PSYoungGen      total 404992K, used 377087K [0x00000000e0000000, 0x00000000ffb80000, 0x0000000100000000)
  eden space 368640K, 100% used [0x00000000e0000000,0x00000000f6800000,0x00000000f6800000)
  from space 36352K, 23% used [0x00000000f6800000,0x00000000f703fe50,0x00000000f8b80000)
  to   space 35328K, 0% used [0x00000000fd900000,0x00000000fd900000,0x00000000ffb80000)
 ParOldGen       total 162816K, used 69329K [0x00000000a0000000, 0x00000000a9f00000, 0x00000000e0000000)
  object space 162816K, 42% used [0x00000000a0000000,0x00000000a43b4668,0x00000000a9f00000)
 Metaspace       used 71653K, capacity 75030K, committed 75136K, reserved 1114112K
  class space    used 9685K, capacity 10345K, committed 10368K, reserved 1048576K
Event: 135.298 GC heap after
Heap after GC invocations=27 (full 3):
 PSYoungGen      total 468992K, used 7283K [0x00000000e0000000, 0x00000000ff380000, 0x0000000100000000)
  eden space 441856K, 0% used [0x00000000e0000000,0x00000000e0000000,0x00000000faf80000)
  from space 27136K, 26% used [0x00000000fd900000,0x00000000fe01cf40,0x00000000ff380000)
  to   space 34816K, 0% used [0x00000000faf80000,0x00000000faf80000,0x00000000fd180000)
 ParOldGen       total 162816K, used 71511K [0x00000000a0000000, 0x00000000a9f00000, 0x00000000e0000000)
  object space 162816K, 43% used [0x00000000a0000000,0x00000000a45d5c48,0x00000000a9f00000)
 Metaspace       used 71653K, capacity 75030K, committed 75136K, reserved 1114112K
  class space    used 9685K, capacity 10345K, committed 10368K, reserved 1048576K
}
Event: 143.726 GC heap before
{Heap before GC invocations=28 (full 3):
 PSYoungGen      total 468992K, used 449139K [0x00000000e0000000, 0x00000000ff380000, 0x0000000100000000)
  eden space 441856K, 100% used [0x00000000e0000000,0x00000000faf80000,0x00000000faf80000)
  from space 27136K, 26% used [0x00000000fd900000,0x00000000fe01cf40,0x00000000ff380000)
  to   space 34816K, 0% used [0x00000000faf80000,0x00000000faf80000,0x00000000fd180000)
 ParOldGen       total 162816K, used 71511K [0x00000000a0000000, 0x00000000a9f00000, 0x00000000e0000000)
  object space 162816K, 43% used [0x00000000a0000000,0x00000000a45d5c48,0x00000000a9f00000)
 Metaspace       used 71728K, capacity 75168K, committed 75392K, reserved 1114112K
  class space    used 9690K, capacity 10346K, committed 10368K, reserved 1048576K
Event: 143.797 GC heap after
Heap after GC invocations=28 (full 3):
 PSYoungGen      total 476672K, used 12670K [0x00000000e0000000, 0x0000000100000000, 0x0000000100000000)
  eden space 441856K, 0% used [0x00000000e0000000,0x00000000e0000000,0x00000000faf80000)
  from space 34816K, 36% used [0x00000000faf80000,0x00000000fbbdfb80,0x00000000fd180000)
  to   space 33280K, 0% used [0x00000000fdf80000,0x00000000fdf80000,0x0000000100000000)
 ParOldGen       total 162816K, used 73212K [0x00000000a0000000, 0x00000000a9f00000, 0x00000000e0000000)
  object space 162816K, 44% used [0x00000000a0000000,0x00000000a477f330,0x00000000a9f00000)
 Metaspace       used 71728K, capacity 75168K, committed 75392K, reserved 1114112K
  class space    used 9690K, capacity 10346K, committed 10368K, reserved 1048576K
}

