# JRE version: OpenJDK Runtime Environment (8.0_212-b04) (build 1.8.0_212-release-1586-b04)
# Java VM: OpenJDK 64-Bit Server VM (25.212-b04 mixed mode windows-amd64 compressed oops)
Heap:
 PSYoungGen      total 273920K, used 125434K [0x00000000e0000000, 0x00000000f7580000, 0x0000000100000000)
  eden space 206336K, 33% used [0x00000000e0000000,0x00000000e4349938,0x00000000ec980000)
  from space 67584K, 83% used [0x00000000ec980000,0x00000000f00b5038,0x00000000f0b80000)
  to   space 74752K, 0% used [0x00000000f2c80000,0x00000000f2c80000,0x00000000f7580000)
 ParOldGen       total 278528K, used 120818K [0x00000000a0000000, 0x00000000b1000000, 0x00000000e0000000)
  object space 278528K, 43% used [0x00000000a0000000,0x00000000a75fc980,0x00000000b1000000)
 Metaspace       used 91383K, capacity 95196K, committed 95320K, reserved 1132544K
  class space    used 11855K, capacity 12580K, committed 12632K, reserved 1048576K
GC Heap History (10 events):
Event: 38.090 GC heap before
{Heap before GC invocations=29 (full 3):
 PSYoungGen      total 215040K, used 187663K [0x00000000e0000000, 0x00000000f0800000, 0x0000000100000000)
  eden space 178176K, 100% used [0x00000000e0000000,0x00000000eae00000,0x00000000eae00000)
  from space 36864K, 25% used [0x00000000eae00000,0x00000000eb743f50,0x00000000ed200000)
  to   space 35840K, 0% used [0x00000000ee500000,0x00000000ee500000,0x00000000f0800000)
 ParOldGen       total 148480K, used 110214K [0x00000000a0000000, 0x00000000a9100000, 0x00000000e0000000)
  object space 148480K, 74% used [0x00000000a0000000,0x00000000a6ba19b0,0x00000000a9100000)
 Metaspace       used 84950K, capacity 88920K, committed 89048K, reserved 1126400K
  class space    used 11246K, capacity 11952K, committed 11992K, reserved 1048576K
Event: 38.241 GC heap after
Heap after GC invocations=29 (full 3):
 PSYoungGen      total 220160K, used 35816K [0x00000000e0000000, 0x00000000f2980000, 0x0000000100000000)
  eden space 184320K, 0% used [0x00000000e0000000,0x00000000e0000000,0x00000000eb400000)
  from space 35840K, 99% used [0x00000000ee500000,0x00000000f07fa368,0x00000000f0800000)
  to   space 50176K, 0% used [0x00000000eb400000,0x00000000eb400000,0x00000000ee500000)
 ParOldGen       total 148480K, used 133839K [0x00000000a0000000, 0x00000000a9100000, 0x00000000e0000000)
  object space 148480K, 90% used [0x00000000a0000000,0x00000000a82b3ce0,0x00000000a9100000)
 Metaspace       used 84950K, capacity 88920K, committed 89048K, reserved 1126400K
  class space    used 11246K, capacity 11952K, committed 11992K, reserved 1048576K
}
Event: 38.241 GC heap before
{Heap before GC invocations=30 (full 4):
 PSYoungGen      total 220160K, used 35816K [0x00000000e0000000, 0x00000000f2980000, 0x0000000100000000)
  eden space 184320K, 0% used [0x00000000e0000000,0x00000000e0000000,0x00000000eb400000)
  from space 35840K, 99% used [0x00000000ee500000,0x00000000f07fa368,0x00000000f0800000)
  to   space 50176K, 0% used [0x00000000eb400000,0x00000000eb400000,0x00000000ee500000)
 ParOldGen       total 148480K, used 133839K [0x00000000a0000000, 0x00000000a9100000, 0x00000000e0000000)
  object space 148480K, 90% used [0x00000000a0000000,0x00000000a82b3ce0,0x00000000a9100000)
 Metaspace       used 84950K, capacity 88920K, committed 89048K, reserved 1126400K
  class space    used 11246K, capacity 11952K, committed 11992K, reserved 1048576K
Event: 38.896 GC heap after
Heap after GC invocations=30 (full 4):
 PSYoungGen      total 220160K, used 0K [0x00000000e0000000, 0x00000000f2980000, 0x0000000100000000)
  eden space 184320K, 0% used [0x00000000e0000000,0x00000000e0000000,0x00000000eb400000)
  from space 35840K, 0% used [0x00000000ee500000,0x00000000ee500000,0x00000000f0800000)
  to   space 50176K, 0% used [0x00000000eb400000,0x00000000eb400000,0x00000000ee500000)
 ParOldGen       total 278528K, used 115225K [0x00000000a0000000, 0x00000000b1000000, 0x00000000e0000000)
  object space 278528K, 41% used [0x00000000a0000000,0x00000000a7086758,0x00000000b1000000)
 Metaspace       used 84070K, capacity 87566K, committed 89048K, reserved 1126400K
  class space    used 11092K, capacity 11721K, committed 11992K, reserved 1048576K
}
Event: 40.444 GC heap before
{Heap before GC invocations=31 (full 4):
 PSYoungGen      total 220160K, used 184320K [0x00000000e0000000, 0x00000000f2980000, 0x0000000100000000)
  eden space 184320K, 100% used [0x00000000e0000000,0x00000000eb400000,0x00000000eb400000)
  from space 35840K, 0% used [0x00000000ee500000,0x00000000ee500000,0x00000000f0800000)
  to   space 50176K, 0% used [0x00000000eb400000,0x00000000eb400000,0x00000000ee500000)
 ParOldGen       total 278528K, used 115225K [0x00000000a0000000, 0x00000000b1000000, 0x00000000e0000000)
  object space 278528K, 41% used [0x00000000a0000000,0x00000000a7086758,0x00000000b1000000)
 Metaspace       used 84168K, capacity 87668K, committed 89048K, reserved 1126400K
  class space    used 11100K, capacity 11754K, committed 11992K, reserved 1048576K
Event: 40.548 GC heap after
Heap after GC invocations=31 (full 4):
 PSYoungGen      total 234496K, used 50168K [0x00000000e0000000, 0x00000000f4680000, 0x0000000100000000)
  eden space 184320K, 0% used [0x00000000e0000000,0x00000000e0000000,0x00000000eb400000)
  from space 50176K, 99% used [0x00000000eb400000,0x00000000ee4fe328,0x00000000ee500000)
  to   space 60416K, 0% used [0x00000000f0b80000,0x00000000f0b80000,0x00000000f4680000)
 ParOldGen       total 278528K, used 120810K [0x00000000a0000000, 0x00000000b1000000, 0x00000000e0000000)
  object space 278528K, 43% used [0x00000000a0000000,0x00000000a75fa980,0x00000000b1000000)
 Metaspace       used 84168K, capacity 87668K, committed 89048K, reserved 1126400K
  class space    used 11100K, capacity 11754K, committed 11992K, reserved 1048576K
}
Event: 363.758 GC heap before
{Heap before GC invocations=32 (full 4):
 PSYoungGen      total 234496K, used 234488K [0x00000000e0000000, 0x00000000f4680000, 0x0000000100000000)
  eden space 184320K, 100% used [0x00000000e0000000,0x00000000eb400000,0x00000000eb400000)
  from space 50176K, 99% used [0x00000000eb400000,0x00000000ee4fe328,0x00000000ee500000)
  to   space 60416K, 0% used [0x00000000f0b80000,0x00000000f0b80000,0x00000000f4680000)
 ParOldGen       total 278528K, used 120810K [0x00000000a0000000, 0x00000000b1000000, 0x00000000e0000000)
  object space 278528K, 43% used [0x00000000a0000000,0x00000000a75fa980,0x00000000b1000000)
 Metaspace       used 90128K, capacity 93932K, committed 94296K, reserved 1130496K
  class space    used 11783K, capacity 12496K, committed 12632K, reserved 1048576K
Event: 363.809 GC heap after
Heap after GC invocations=32 (full 4):
 PSYoungGen      total 266752K, used 52214K [0x00000000e0000000, 0x00000000f5080000, 0x0000000100000000)
  eden space 206336K, 0% used [0x00000000e0000000,0x00000000e0000000,0x00000000ec980000)
  from space 60416K, 86% used [0x00000000f0b80000,0x00000000f3e7db20,0x00000000f4680000)
  to   space 67584K, 0% used [0x00000000ec980000,0x00000000ec980000,0x00000000f0b80000)
 ParOldGen       total 278528K, used 120818K [0x00000000a0000000, 0x00000000b1000000, 0x00000000e0000000)
  object space 278528K, 43% used [0x00000000a0000000,0x00000000a75fc980,0x00000000b1000000)
 Metaspace       used 90128K, capacity 93932K, committed 94296K, reserved 1130496K
  class space    used 11783K, capacity 12496K, committed 12632K, reserved 1048576K
}
Event: 367.808 GC heap before
{Heap before GC invocations=33 (full 4):
 PSYoungGen      total 266752K, used 258549K [0x00000000e0000000, 0x00000000f5080000, 0x0000000100000000)
  eden space 206336K, 99% used [0x00000000e0000000,0x00000000ec97fc20,0x00000000ec980000)
  from space 60416K, 86% used [0x00000000f0b80000,0x00000000f3e7db20,0x00000000f4680000)
  to   space 67584K, 0% used [0x00000000ec980000,0x00000000ec980000,0x00000000f0b80000)
 ParOldGen       total 278528K, used 120818K [0x00000000a0000000, 0x00000000b1000000, 0x00000000e0000000)
  object space 278528K, 43% used [0x00000000a0000000,0x00000000a75fc980,0x00000000b1000000)
 Metaspace       used 90815K, capacity 94652K, committed 94808K, reserved 1132544K
  class space    used 11805K, capacity 12548K, committed 12632K, reserved 1048576K
Event: 367.872 GC heap after
Heap after GC invocations=33 (full 4):
 PSYoungGen      total 273920K, used 56532K [0x00000000e0000000, 0x00000000f7580000, 0x0000000100000000)
  eden space 206336K, 0% used [0x00000000e0000000,0x00000000e0000000,0x00000000ec980000)
  from space 67584K, 83% used [0x00000000ec980000,0x00000000f00b5038,0x00000000f0b80000)
  to   space 74752K, 0% used [0x00000000f2c80000,0x00000000f2c80000,0x00000000f7580000)
 ParOldGen       total 278528K, used 120818K [0x00000000a0000000, 0x00000000b1000000, 0x00000000e0000000)
  object space 278528K, 43% used [0x00000000a0000000,0x00000000a75fc980,0x00000000b1000000)
 Metaspace       used 90815K, capacity 94652K, committed 94808K, reserved 1132544K
  class space    used 11805K, capacity 12548K, committed 12632K, reserved 1048576K
}

