# JRE version: OpenJDK Runtime Environment (8.0_212-b04) (build 1.8.0_212-release-1586-b04)
# Java VM: OpenJDK 64-Bit Server VM (25.212-b04 mixed mode windows-amd64 compressed oops)
Heap:
 PSYoungGen      total 489984K, used 381304K [0x00000000e0000000, 0x00000000ffe80000, 0x0000000100000000)
  eden space 458240K, 81% used [0x00000000e0000000,0x00000000f6da00d8,0x00000000fbf80000)
  from space 31744K, 21% used [0x00000000fdf80000,0x00000000fe63df70,0x00000000ffe80000)
  to   space 32256K, 0% used [0x00000000fbf80000,0x00000000fbf80000,0x00000000fdf00000)
 ParOldGen       total 322560K, used 220340K [0x00000000a0000000, 0x00000000b3b00000, 0x00000000e0000000)
  object space 322560K, 68% used [0x00000000a0000000,0x00000000ad72d348,0x00000000b3b00000)
 Metaspace       used 109627K, capacity 115044K, committed 115072K, reserved 1148928K
  class space    used 13889K, capacity 14962K, committed 14976K, reserved 1048576K
GC Heap History (10 events):
Event: 2309.366 GC heap before
{Heap before GC invocations=49 (full 5):
 PSYoungGen      total 483840K, used 453507K [0x00000000e0000000, 0x0000000100000000, 0x0000000100000000)
  eden space 445440K, 100% used [0x00000000e0000000,0x00000000fb300000,0x00000000fb300000)
  from space 38400K, 21% used [0x00000000fb300000,0x00000000fbae0ce8,0x00000000fd880000)
  to   space 37376K, 0% used [0x00000000fdb80000,0x00000000fdb80000,0x0000000100000000)
 ParOldGen       total 322560K, used 188658K [0x00000000a0000000, 0x00000000b3b00000, 0x00000000e0000000)
  object space 322560K, 58% used [0x00000000a0000000,0x00000000ab83c910,0x00000000b3b00000)
 Metaspace       used 109590K, capacity 115044K, committed 115072K, reserved 1148928K
  class space    used 13889K, capacity 14962K, committed 14976K, reserved 1048576K
Event: 2309.436 GC heap after
Heap after GC invocations=49 (full 5):
 PSYoungGen      total 482816K, used 8253K [0x00000000e0000000, 0x00000000ffd00000, 0x0000000100000000)
  eden space 448512K, 0% used [0x00000000e0000000,0x00000000e0000000,0x00000000fb600000)
  from space 34304K, 24% used [0x00000000fdb80000,0x00000000fe38f780,0x00000000ffd00000)
  to   space 36352K, 0% used [0x00000000fb600000,0x00000000fb600000,0x00000000fd980000)
 ParOldGen       total 322560K, used 194329K [0x00000000a0000000, 0x00000000b3b00000, 0x00000000e0000000)
  object space 322560K, 60% used [0x00000000a0000000,0x00000000abdc6688,0x00000000b3b00000)
 Metaspace       used 109590K, capacity 115044K, committed 115072K, reserved 1148928K
  class space    used 13889K, capacity 14962K, committed 14976K, reserved 1048576K
}
Event: 2312.781 GC heap before
{Heap before GC invocations=50 (full 5):
 PSYoungGen      total 482816K, used 456765K [0x00000000e0000000, 0x00000000ffd00000, 0x0000000100000000)
  eden space 448512K, 100% used [0x00000000e0000000,0x00000000fb600000,0x00000000fb600000)
  from space 34304K, 24% used [0x00000000fdb80000,0x00000000fe38f780,0x00000000ffd00000)
  to   space 36352K, 0% used [0x00000000fb600000,0x00000000fb600000,0x00000000fd980000)
 ParOldGen       total 322560K, used 194329K [0x00000000a0000000, 0x00000000b3b00000, 0x00000000e0000000)
  object space 322560K, 60% used [0x00000000a0000000,0x00000000abdc6688,0x00000000b3b00000)
 Metaspace       used 109600K, capacity 115044K, committed 115072K, reserved 1148928K
  class space    used 13889K, capacity 14962K, committed 14976K, reserved 1048576K
Event: 2312.793 GC heap after
Heap after GC invocations=50 (full 5):
 PSYoungGen      total 484864K, used 10837K [0x00000000e0000000, 0x00000000fff00000, 0x0000000100000000)
  eden space 448512K, 0% used [0x00000000e0000000,0x00000000e0000000,0x00000000fb600000)
  from space 36352K, 29% used [0x00000000fb600000,0x00000000fc095718,0x00000000fd980000)
  to   space 34816K, 0% used [0x00000000fdd00000,0x00000000fdd00000,0x00000000fff00000)
 ParOldGen       total 322560K, used 195973K [0x00000000a0000000, 0x00000000b3b00000, 0x00000000e0000000)
  object space 322560K, 60% used [0x00000000a0000000,0x00000000abf61678,0x00000000b3b00000)
 Metaspace       used 109600K, capacity 115044K, committed 115072K, reserved 1148928K
  class space    used 13889K, capacity 14962K, committed 14976K, reserved 1048576K
}
Event: 2314.564 GC heap before
{Heap before GC invocations=51 (full 5):
 PSYoungGen      total 484864K, used 459349K [0x00000000e0000000, 0x00000000fff00000, 0x0000000100000000)
  eden space 448512K, 100% used [0x00000000e0000000,0x00000000fb600000,0x00000000fb600000)
  from space 36352K, 29% used [0x00000000fb600000,0x00000000fc095718,0x00000000fd980000)
  to   space 34816K, 0% used [0x00000000fdd00000,0x00000000fdd00000,0x00000000fff00000)
 ParOldGen       total 322560K, used 199519K [0x00000000a0000000, 0x00000000b3b00000, 0x00000000e0000000)
  object space 322560K, 61% used [0x00000000a0000000,0x00000000ac2d7e68,0x00000000b3b00000)
 Metaspace       used 109605K, capacity 115044K, committed 115072K, reserved 1148928K
  class space    used 13889K, capacity 14962K, committed 14976K, reserved 1048576K
Event: 2314.602 GC heap after
Heap after GC invocations=51 (full 5):
 PSYoungGen      total 483328K, used 13599K [0x00000000e0000000, 0x00000000ffa80000, 0x0000000100000000)
  eden space 453120K, 0% used [0x00000000e0000000,0x00000000e0000000,0x00000000fba80000)
  from space 30208K, 45% used [0x00000000fdd00000,0x00000000fea47c20,0x00000000ffa80000)
  to   space 32768K, 0% used [0x00000000fba80000,0x00000000fba80000,0x00000000fda80000)
 ParOldGen       total 322560K, used 206656K [0x00000000a0000000, 0x00000000b3b00000, 0x00000000e0000000)
  object space 322560K, 64% used [0x00000000a0000000,0x00000000ac9d00d8,0x00000000b3b00000)
 Metaspace       used 109605K, capacity 115044K, committed 115072K, reserved 1148928K
  class space    used 13889K, capacity 14962K, committed 14976K, reserved 1048576K
}
Event: 2314.602 GC heap before
{Heap before GC invocations=52 (full 5):
 PSYoungGen      total 483328K, used 18714K [0x00000000e0000000, 0x00000000ffa80000, 0x0000000100000000)
  eden space 453120K, 1% used [0x00000000e0000000,0x00000000e04fed20,0x00000000fba80000)
  from space 30208K, 45% used [0x00000000fdd00000,0x00000000fea47c20,0x00000000ffa80000)
  to   space 32768K, 0% used [0x00000000fba80000,0x00000000fba80000,0x00000000fda80000)
 ParOldGen       total 322560K, used 206656K [0x00000000a0000000, 0x00000000b3b00000, 0x00000000e0000000)
  object space 322560K, 64% used [0x00000000a0000000,0x00000000ac9d00d8,0x00000000b3b00000)
 Metaspace       used 109605K, capacity 115044K, committed 115072K, reserved 1148928K
  class space    used 13889K, capacity 14962K, committed 14976K, reserved 1048576K
Event: 2314.620 GC heap after
Heap after GC invocations=52 (full 5):
 PSYoungGen      total 485888K, used 64K [0x00000000e0000000, 0x0000000100000000, 0x0000000100000000)
  eden space 453120K, 0% used [0x00000000e0000000,0x00000000e0000000,0x00000000fba80000)
  from space 32768K, 0% used [0x00000000fba80000,0x00000000fba90000,0x00000000fda80000)
  to   space 33280K, 0% used [0x00000000fdf80000,0x00000000fdf80000,0x0000000100000000)
 ParOldGen       total 322560K, used 220324K [0x00000000a0000000, 0x00000000b3b00000, 0x00000000e0000000)
  object space 322560K, 68% used [0x00000000a0000000,0x00000000ad729348,0x00000000b3b00000)
 Metaspace       used 109605K, capacity 115044K, committed 115072K, reserved 1148928K
  class space    used 13889K, capacity 14962K, committed 14976K, reserved 1048576K
}
Event: 2316.352 GC heap before
{Heap before GC invocations=53 (full 5):
 PSYoungGen      total 485888K, used 453184K [0x00000000e0000000, 0x0000000100000000, 0x0000000100000000)
  eden space 453120K, 100% used [0x00000000e0000000,0x00000000fba80000,0x00000000fba80000)
  from space 32768K, 0% used [0x00000000fba80000,0x00000000fba90000,0x00000000fda80000)
  to   space 33280K, 0% used [0x00000000fdf80000,0x00000000fdf80000,0x0000000100000000)
 ParOldGen       total 322560K, used 220324K [0x00000000a0000000, 0x00000000b3b00000, 0x00000000e0000000)
  object space 322560K, 68% used [0x00000000a0000000,0x00000000ad729348,0x00000000b3b00000)
 Metaspace       used 109618K, capacity 115044K, committed 115072K, reserved 1148928K
  class space    used 13889K, capacity 14962K, committed 14976K, reserved 1048576K
Event: 2316.410 GC heap after
Heap after GC invocations=53 (full 5):
 PSYoungGen      total 489984K, used 6903K [0x00000000e0000000, 0x00000000ffe80000, 0x0000000100000000)
  eden space 458240K, 0% used [0x00000000e0000000,0x00000000e0000000,0x00000000fbf80000)
  from space 31744K, 21% used [0x00000000fdf80000,0x00000000fe63df70,0x00000000ffe80000)
  to   space 32256K, 0% used [0x00000000fbf80000,0x00000000fbf80000,0x00000000fdf00000)
 ParOldGen       total 322560K, used 220340K [0x00000000a0000000, 0x00000000b3b00000, 0x00000000e0000000)
  object space 322560K, 68% used [0x00000000a0000000,0x00000000ad72d348,0x00000000b3b00000)
 Metaspace       used 109618K, capacity 115044K, committed 115072K, reserved 1148928K
  class space    used 13889K, capacity 14962K, committed 14976K, reserved 1048576K
}

