# JRE version: OpenJDK Runtime Environment (8.0_212-b04) (build 1.8.0_212-release-1586-b04)
# Java VM: OpenJDK 64-Bit Server VM (25.212-b04 mixed mode windows-amd64 compressed oops)
Heap:
 PSYoungGen      total 351744K, used 175795K [0x00000000e0000000, 0x00000000f7f00000, 0x0000000100000000)
  eden space 309760K, 46% used [0x00000000e0000000,0x00000000e8b4d838,0x00000000f2e80000)
  from space 41984K, 78% used [0x00000000f5600000,0x00000000f765f618,0x00000000f7f00000)
  to   space 40448K, 0% used [0x00000000f2e80000,0x00000000f2e80000,0x00000000f5600000)
 ParOldGen       total 153600K, used 113631K [0x00000000a0000000, 0x00000000a9600000, 0x00000000e0000000)
  object space 153600K, 73% used [0x00000000a0000000,0x00000000a6ef7fd0,0x00000000a9600000)
 Metaspace       used 86545K, capacity 90254K, committed 90368K, reserved 1128448K
  class space    used 11238K, capacity 11967K, committed 12032K, reserved 1048576K
GC Heap History (10 events):
Event: 116.653 GC heap before
{Heap before GC invocations=23 (full 3):
 PSYoungGen      total 266240K, used 227552K [0x00000000e0000000, 0x00000000f5880000, 0x0000000100000000)
  eden space 219648K, 100% used [0x00000000e0000000,0x00000000ed680000,0x00000000ed680000)
  from space 46592K, 16% used [0x00000000ed680000,0x00000000ede38010,0x00000000f0400000)
  to   space 45056K, 0% used [0x00000000f2c80000,0x00000000f2c80000,0x00000000f5880000)
 ParOldGen       total 153600K, used 111632K [0x00000000a0000000, 0x00000000a9600000, 0x00000000e0000000)
  object space 153600K, 72% used [0x00000000a0000000,0x00000000a6d041e8,0x00000000a9600000)
 Metaspace       used 84680K, capacity 88006K, committed 88320K, reserved 1126400K
  class space    used 11027K, capacity 11703K, committed 11776K, reserved 1048576K
Event: 116.682 GC heap after
Heap after GC invocations=23 (full 3):
 PSYoungGen      total 302592K, used 3189K [0x00000000e0000000, 0x00000000f5580000, 0x0000000100000000)
  eden space 260608K, 0% used [0x00000000e0000000,0x00000000e0000000,0x00000000efe80000)
  from space 41984K, 7% used [0x00000000f2c80000,0x00000000f2f9d6b8,0x00000000f5580000)
  to   space 44544K, 0% used [0x00000000efe80000,0x00000000efe80000,0x00000000f2a00000)
 ParOldGen       total 153600K, used 112965K [0x00000000a0000000, 0x00000000a9600000, 0x00000000e0000000)
  object space 153600K, 73% used [0x00000000a0000000,0x00000000a6e51508,0x00000000a9600000)
 Metaspace       used 84680K, capacity 88006K, committed 88320K, reserved 1126400K
  class space    used 11027K, capacity 11703K, committed 11776K, reserved 1048576K
}
Event: 119.430 GC heap before
{Heap before GC invocations=24 (full 3):
 PSYoungGen      total 302592K, used 263797K [0x00000000e0000000, 0x00000000f5580000, 0x0000000100000000)
  eden space 260608K, 100% used [0x00000000e0000000,0x00000000efe80000,0x00000000efe80000)
  from space 41984K, 7% used [0x00000000f2c80000,0x00000000f2f9d6b8,0x00000000f5580000)
  to   space 44544K, 0% used [0x00000000efe80000,0x00000000efe80000,0x00000000f2a00000)
 ParOldGen       total 153600K, used 112965K [0x00000000a0000000, 0x00000000a9600000, 0x00000000e0000000)
  object space 153600K, 73% used [0x00000000a0000000,0x00000000a6e51508,0x00000000a9600000)
 Metaspace       used 84756K, capacity 88078K, committed 88320K, reserved 1126400K
  class space    used 11028K, capacity 11705K, committed 11776K, reserved 1048576K
Event: 119.471 GC heap after
Heap after GC invocations=24 (full 3):
 PSYoungGen      total 305152K, used 9593K [0x00000000e0000000, 0x00000000f7f80000, 0x0000000100000000)
  eden space 260608K, 0% used [0x00000000e0000000,0x00000000e0000000,0x00000000efe80000)
  from space 44544K, 21% used [0x00000000efe80000,0x00000000f07de4d0,0x00000000f2a00000)
  to   space 42496K, 0% used [0x00000000f5600000,0x00000000f5600000,0x00000000f7f80000)
 ParOldGen       total 153600K, used 112965K [0x00000000a0000000, 0x00000000a9600000, 0x00000000e0000000)
  object space 153600K, 73% used [0x00000000a0000000,0x00000000a6e51508,0x00000000a9600000)
 Metaspace       used 84756K, capacity 88078K, committed 88320K, reserved 1126400K
  class space    used 11028K, capacity 11705K, committed 11776K, reserved 1048576K
}
Event: 122.638 GC heap before
{Heap before GC invocations=25 (full 3):
 PSYoungGen      total 305152K, used 270201K [0x00000000e0000000, 0x00000000f7f80000, 0x0000000100000000)
  eden space 260608K, 100% used [0x00000000e0000000,0x00000000efe80000,0x00000000efe80000)
  from space 44544K, 21% used [0x00000000efe80000,0x00000000f07de4d0,0x00000000f2a00000)
  to   space 42496K, 0% used [0x00000000f5600000,0x00000000f5600000,0x00000000f7f80000)
 ParOldGen       total 153600K, used 112965K [0x00000000a0000000, 0x00000000a9600000, 0x00000000e0000000)
  object space 153600K, 73% used [0x00000000a0000000,0x00000000a6e51508,0x00000000a9600000)
 Metaspace       used 85631K, capacity 89094K, committed 89216K, reserved 1126400K
  class space    used 11143K, capacity 11839K, committed 11904K, reserved 1048576K
Event: 122.727 GC heap after
Heap after GC invocations=25 (full 3):
 PSYoungGen      total 351744K, used 11620K [0x00000000e0000000, 0x00000000f7f00000, 0x0000000100000000)
  eden space 309760K, 0% used [0x00000000e0000000,0x00000000e0000000,0x00000000f2e80000)
  from space 41984K, 27% used [0x00000000f5600000,0x00000000f6159118,0x00000000f7f00000)
  to   space 40448K, 0% used [0x00000000f2e80000,0x00000000f2e80000,0x00000000f5600000)
 ParOldGen       total 153600K, used 112973K [0x00000000a0000000, 0x00000000a9600000, 0x00000000e0000000)
  object space 153600K, 73% used [0x00000000a0000000,0x00000000a6e53508,0x00000000a9600000)
 Metaspace       used 85631K, capacity 89094K, committed 89216K, reserved 1126400K
  class space    used 11143K, capacity 11839K, committed 11904K, reserved 1048576K
}
Event: 131.616 GC heap before
{Heap before GC invocations=26 (full 3):
 PSYoungGen      total 351744K, used 321380K [0x00000000e0000000, 0x00000000f7f00000, 0x0000000100000000)
  eden space 309760K, 100% used [0x00000000e0000000,0x00000000f2e80000,0x00000000f2e80000)
  from space 41984K, 27% used [0x00000000f5600000,0x00000000f6159118,0x00000000f7f00000)
  to   space 40448K, 0% used [0x00000000f2e80000,0x00000000f2e80000,0x00000000f5600000)
 ParOldGen       total 153600K, used 112973K [0x00000000a0000000, 0x00000000a9600000, 0x00000000e0000000)
  object space 153600K, 73% used [0x00000000a0000000,0x00000000a6e53508,0x00000000a9600000)
 Metaspace       used 86385K, capacity 90012K, committed 90112K, reserved 1128448K
  class space    used 11230K, capacity 11964K, committed 12032K, reserved 1048576K
Event: 131.745 GC heap after
Heap after GC invocations=26 (full 3):
 PSYoungGen      total 350208K, used 9397K [0x00000000e0000000, 0x00000000f7f00000, 0x0000000100000000)
  eden space 309760K, 0% used [0x00000000e0000000,0x00000000e0000000,0x00000000f2e80000)
  from space 40448K, 23% used [0x00000000f2e80000,0x00000000f37ad4d8,0x00000000f5600000)
  to   space 41984K, 0% used [0x00000000f5600000,0x00000000f5600000,0x00000000f7f00000)
 ParOldGen       total 153600K, used 113623K [0x00000000a0000000, 0x00000000a9600000, 0x00000000e0000000)
  object space 153600K, 73% used [0x00000000a0000000,0x00000000a6ef5fd0,0x00000000a9600000)
 Metaspace       used 86385K, capacity 90012K, committed 90112K, reserved 1128448K
  class space    used 11230K, capacity 11964K, committed 12032K, reserved 1048576K
}
Event: 138.845 GC heap before
{Heap before GC invocations=27 (full 3):
 PSYoungGen      total 350208K, used 319157K [0x00000000e0000000, 0x00000000f7f00000, 0x0000000100000000)
  eden space 309760K, 100% used [0x00000000e0000000,0x00000000f2e80000,0x00000000f2e80000)
  from space 40448K, 23% used [0x00000000f2e80000,0x00000000f37ad4d8,0x00000000f5600000)
  to   space 41984K, 0% used [0x00000000f5600000,0x00000000f5600000,0x00000000f7f00000)
 ParOldGen       total 153600K, used 113623K [0x00000000a0000000, 0x00000000a9600000, 0x00000000e0000000)
  object space 153600K, 73% used [0x00000000a0000000,0x00000000a6ef5fd0,0x00000000a9600000)
 Metaspace       used 86497K, capacity 90186K, committed 90368K, reserved 1128448K
  class space    used 11232K, capacity 11967K, committed 12032K, reserved 1048576K
Event: 138.980 GC heap after
Heap after GC invocations=27 (full 3):
 PSYoungGen      total 351744K, used 33149K [0x00000000e0000000, 0x00000000f7f00000, 0x0000000100000000)
  eden space 309760K, 0% used [0x00000000e0000000,0x00000000e0000000,0x00000000f2e80000)
  from space 41984K, 78% used [0x00000000f5600000,0x00000000f765f618,0x00000000f7f00000)
  to   space 40448K, 0% used [0x00000000f2e80000,0x00000000f2e80000,0x00000000f5600000)
 ParOldGen       total 153600K, used 113631K [0x00000000a0000000, 0x00000000a9600000, 0x00000000e0000000)
  object space 153600K, 73% used [0x00000000a0000000,0x00000000a6ef7fd0,0x00000000a9600000)
 Metaspace       used 86497K, capacity 90186K, committed 90368K, reserved 1128448K
  class space    used 11232K, capacity 11967K, committed 12032K, reserved 1048576K
}

