# JRE version: OpenJDK Runtime Environment (8.0_212-b04) (build 1.8.0_212-release-1586-b04)
# Java VM: OpenJDK 64-Bit Server VM (25.212-b04 mixed mode windows-amd64 compressed oops)
Heap:
 PSYoungGen      total 335872K, used 84653K [0x00000000e0000000, 0x00000000f9600000, 0x0000000100000000)
  eden space 298496K, 21% used [0x00000000e0000000,0x00000000e3dbd388,0x00000000f2380000)
  from space 37376K, 57% used [0x00000000f2380000,0x00000000f386e2f0,0x00000000f4800000)
  to   space 36352K, 0% used [0x00000000f7280000,0x00000000f7280000,0x00000000f9600000)
 ParOldGen       total 132096K, used 72937K [0x00000000a0000000, 0x00000000a8100000, 0x00000000e0000000)
  object space 132096K, 55% used [0x00000000a0000000,0x00000000a473a788,0x00000000a8100000)
 Metaspace       used 92617K, capacity 97104K, committed 97432K, reserved 1134592K
  class space    used 12005K, capacity 12874K, committed 12968K, reserved 1048576K
GC Heap History (10 events):
Event: 95.213 GC heap before
{Heap before GC invocations=24 (full 3):
 PSYoungGen      total 282112K, used 276124K [0x00000000e0000000, 0x00000000f5580000, 0x0000000100000000)
  eden space 253440K, 100% used [0x00000000e0000000,0x00000000ef780000,0x00000000ef780000)
  from space 28672K, 79% used [0x00000000f1800000,0x00000000f2e270e0,0x00000000f3400000)
  to   space 33280K, 0% used [0x00000000ef780000,0x00000000ef780000,0x00000000f1800000)
 ParOldGen       total 132096K, used 69569K [0x00000000a0000000, 0x00000000a8100000, 0x00000000e0000000)
  object space 132096K, 52% used [0x00000000a0000000,0x00000000a43f06e8,0x00000000a8100000)
 Metaspace       used 92390K, capacity 96884K, committed 97176K, reserved 1134592K
  class space    used 11997K, capacity 12872K, committed 12968K, reserved 1048576K
Event: 95.302 GC heap after
Heap after GC invocations=24 (full 3):
 PSYoungGen      total 286720K, used 26294K [0x00000000e0000000, 0x00000000f6b00000, 0x0000000100000000)
  eden space 253440K, 0% used [0x00000000e0000000,0x00000000e0000000,0x00000000ef780000)
  from space 33280K, 79% used [0x00000000ef780000,0x00000000f112d910,0x00000000f1800000)
  to   space 35840K, 0% used [0x00000000f4800000,0x00000000f4800000,0x00000000f6b00000)
 ParOldGen       total 132096K, used 69569K [0x00000000a0000000, 0x00000000a8100000, 0x00000000e0000000)
  object space 132096K, 52% used [0x00000000a0000000,0x00000000a43f06e8,0x00000000a8100000)
 Metaspace       used 92390K, capacity 96884K, committed 97176K, reserved 1134592K
  class space    used 11997K, capacity 12872K, committed 12968K, reserved 1048576K
}
Event: 96.991 GC heap before
{Heap before GC invocations=25 (full 3):
 PSYoungGen      total 286720K, used 279734K [0x00000000e0000000, 0x00000000f6b00000, 0x0000000100000000)
  eden space 253440K, 100% used [0x00000000e0000000,0x00000000ef780000,0x00000000ef780000)
  from space 33280K, 79% used [0x00000000ef780000,0x00000000f112d910,0x00000000f1800000)
  to   space 35840K, 0% used [0x00000000f4800000,0x00000000f4800000,0x00000000f6b00000)
 ParOldGen       total 132096K, used 69569K [0x00000000a0000000, 0x00000000a8100000, 0x00000000e0000000)
  object space 132096K, 52% used [0x00000000a0000000,0x00000000a43f06e8,0x00000000a8100000)
 Metaspace       used 92484K, capacity 96948K, committed 97176K, reserved 1134592K
  class space    used 12003K, capacity 12872K, committed 12968K, reserved 1048576K
Event: 97.092 GC heap after
Heap after GC invocations=25 (full 3):
 PSYoungGen      total 334336K, used 26099K [0x00000000e0000000, 0x00000000f7400000, 0x0000000100000000)
  eden space 298496K, 0% used [0x00000000e0000000,0x00000000e0000000,0x00000000f2380000)
  from space 35840K, 72% used [0x00000000f4800000,0x00000000f617cc50,0x00000000f6b00000)
  to   space 37376K, 0% used [0x00000000f2380000,0x00000000f2380000,0x00000000f4800000)
 ParOldGen       total 132096K, used 69569K [0x00000000a0000000, 0x00000000a8100000, 0x00000000e0000000)
  object space 132096K, 52% used [0x00000000a0000000,0x00000000a43f06e8,0x00000000a8100000)
 Metaspace       used 92484K, capacity 96948K, committed 97176K, reserved 1134592K
  class space    used 12003K, capacity 12872K, committed 12968K, reserved 1048576K
}
Event: 98.541 GC heap before
{Heap before GC invocations=26 (full 3):
 PSYoungGen      total 334336K, used 324595K [0x00000000e0000000, 0x00000000f7400000, 0x0000000100000000)
  eden space 298496K, 100% used [0x00000000e0000000,0x00000000f2380000,0x00000000f2380000)
  from space 35840K, 72% used [0x00000000f4800000,0x00000000f617cc50,0x00000000f6b00000)
  to   space 37376K, 0% used [0x00000000f2380000,0x00000000f2380000,0x00000000f4800000)
 ParOldGen       total 132096K, used 69569K [0x00000000a0000000, 0x00000000a8100000, 0x00000000e0000000)
  object space 132096K, 52% used [0x00000000a0000000,0x00000000a43f06e8,0x00000000a8100000)
 Metaspace       used 92511K, capacity 97016K, committed 97176K, reserved 1134592K
  class space    used 12004K, capacity 12872K, committed 12968K, reserved 1048576K
Event: 98.578 GC heap after
Heap after GC invocations=26 (full 3):
 PSYoungGen      total 335872K, used 19032K [0x00000000e0000000, 0x00000000f7400000, 0x0000000100000000)
  eden space 298496K, 0% used [0x00000000e0000000,0x00000000e0000000,0x00000000f2380000)
  from space 37376K, 50% used [0x00000000f2380000,0x00000000f36161a0,0x00000000f4800000)
  to   space 35840K, 0% used [0x00000000f4800000,0x00000000f4800000,0x00000000f6b00000)
 ParOldGen       total 132096K, used 72833K [0x00000000a0000000, 0x00000000a8100000, 0x00000000e0000000)
  object space 132096K, 55% used [0x00000000a0000000,0x00000000a4720788,0x00000000a8100000)
 Metaspace       used 92511K, capacity 97016K, committed 97176K, reserved 1134592K
  class space    used 12004K, capacity 12872K, committed 12968K, reserved 1048576K
}
Event: 100.513 GC heap before
{Heap before GC invocations=27 (full 3):
 PSYoungGen      total 335872K, used 317528K [0x00000000e0000000, 0x00000000f7400000, 0x0000000100000000)
  eden space 298496K, 100% used [0x00000000e0000000,0x00000000f2380000,0x00000000f2380000)
  from space 37376K, 50% used [0x00000000f2380000,0x00000000f36161a0,0x00000000f4800000)
  to   space 35840K, 0% used [0x00000000f4800000,0x00000000f4800000,0x00000000f6b00000)
 ParOldGen       total 132096K, used 72833K [0x00000000a0000000, 0x00000000a8100000, 0x00000000e0000000)
  object space 132096K, 55% used [0x00000000a0000000,0x00000000a4720788,0x00000000a8100000)
 Metaspace       used 92583K, capacity 97016K, committed 97176K, reserved 1134592K
  class space    used 12004K, capacity 12872K, committed 12968K, reserved 1048576K
Event: 100.549 GC heap after
Heap after GC invocations=27 (full 3):
 PSYoungGen      total 334336K, used 22779K [0x00000000e0000000, 0x00000000f7400000, 0x0000000100000000)
  eden space 298496K, 0% used [0x00000000e0000000,0x00000000e0000000,0x00000000f2380000)
  from space 35840K, 63% used [0x00000000f4800000,0x00000000f5e3eee0,0x00000000f6b00000)
  to   space 37376K, 0% used [0x00000000f2380000,0x00000000f2380000,0x00000000f4800000)
 ParOldGen       total 132096K, used 72937K [0x00000000a0000000, 0x00000000a8100000, 0x00000000e0000000)
  object space 132096K, 55% used [0x00000000a0000000,0x00000000a473a788,0x00000000a8100000)
 Metaspace       used 92583K, capacity 97016K, committed 97176K, reserved 1134592K
  class space    used 12004K, capacity 12872K, committed 12968K, reserved 1048576K
}
Event: 101.879 GC heap before
{Heap before GC invocations=28 (full 3):
 PSYoungGen      total 334336K, used 321275K [0x00000000e0000000, 0x00000000f7400000, 0x0000000100000000)
  eden space 298496K, 100% used [0x00000000e0000000,0x00000000f2380000,0x00000000f2380000)
  from space 35840K, 63% used [0x00000000f4800000,0x00000000f5e3eee0,0x00000000f6b00000)
  to   space 37376K, 0% used [0x00000000f2380000,0x00000000f2380000,0x00000000f4800000)
 ParOldGen       total 132096K, used 72937K [0x00000000a0000000, 0x00000000a8100000, 0x00000000e0000000)
  object space 132096K, 55% used [0x00000000a0000000,0x00000000a473a788,0x00000000a8100000)
 Metaspace       used 92612K, capacity 97100K, committed 97432K, reserved 1134592K
  class space    used 12005K, capacity 12874K, committed 12968K, reserved 1048576K
Event: 101.933 GC heap after
Heap after GC invocations=28 (full 3):
 PSYoungGen      total 335872K, used 21432K [0x00000000e0000000, 0x00000000f9600000, 0x0000000100000000)
  eden space 298496K, 0% used [0x00000000e0000000,0x00000000e0000000,0x00000000f2380000)
  from space 37376K, 57% used [0x00000000f2380000,0x00000000f386e2f0,0x00000000f4800000)
  to   space 36352K, 0% used [0x00000000f7280000,0x00000000f7280000,0x00000000f9600000)
 ParOldGen       total 132096K, used 72937K [0x00000000a0000000, 0x00000000a8100000, 0x00000000e0000000)
  object space 132096K, 55% used [0x00000000a0000000,0x00000000a473a788,0x00000000a8100000)
 Metaspace       used 92612K, capacity 97100K, committed 97432K, reserved 1134592K
  class space    used 12005K, capacity 12874K, committed 12968K, reserved 1048576K
}

