# JRE version: OpenJDK Runtime Environment (8.0_212-b04) (build 1.8.0_212-release-1586-b04)
# Java VM: OpenJDK 64-Bit Server VM (25.212-b04 mixed mode windows-amd64 compressed oops)
Heap:
 PSYoungGen      total 160768K, used 112247K [0x00000000e0000000, 0x00000000ec900000, 0x0000000100000000)
  eden space 144384K, 67% used [0x00000000e0000000,0x00000000e5fb4540,0x00000000e8d00000)
  from space 16384K, 86% used [0x00000000e8d00000,0x00000000e9ae96e8,0x00000000e9d00000)
  to   space 17920K, 0% used [0x00000000eb780000,0x00000000eb780000,0x00000000ec900000)
 ParOldGen       total 121344K, used 37644K [0x00000000a0000000, 0x00000000a7680000, 0x00000000e0000000)
  object space 121344K, 31% used [0x00000000a0000000,0x00000000a24c31d0,0x00000000a7680000)
 Metaspace       used 67357K, capacity 69936K, committed 70016K, reserved 1110016K
  class space    used 9292K, capacity 9838K, committed 9856K, reserved 1048576K
GC Heap History (10 events):
Event: 15.734 GC heap before
{Heap before GC invocations=14 (full 2):
 PSYoungGen      total 100864K, used 89600K [0x00000000e0000000, 0x00000000e9a80000, 0x0000000100000000)
  eden space 89600K, 100% used [0x00000000e0000000,0x00000000e5780000,0x00000000e5780000)
  from space 11264K, 0% used [0x00000000e5780000,0x00000000e5780000,0x00000000e6280000)
  to   space 11264K, 0% used [0x00000000e8f80000,0x00000000e8f80000,0x00000000e9a80000)
 ParOldGen       total 75776K, used 17481K [0x00000000a0000000, 0x00000000a4a00000, 0x00000000e0000000)
  object space 75776K, 23% used [0x00000000a0000000,0x00000000a1112690,0x00000000a4a00000)
 Metaspace       used 43077K, capacity 44348K, committed 44672K, reserved 1087488K
  class space    used 5849K, capacity 6147K, committed 6272K, reserved 1048576K
Event: 15.773 GC heap after
Heap after GC invocations=14 (full 2):
 PSYoungGen      total 126464K, used 10895K [0x00000000e0000000, 0x00000000e9a80000, 0x0000000100000000)
  eden space 115200K, 0% used [0x00000000e0000000,0x00000000e0000000,0x00000000e7080000)
  from space 11264K, 96% used [0x00000000e8f80000,0x00000000e9a23ca0,0x00000000e9a80000)
  to   space 12800K, 0% used [0x00000000e8180000,0x00000000e8180000,0x00000000e8e00000)
 ParOldGen       total 75776K, used 17489K [0x00000000a0000000, 0x00000000a4a00000, 0x00000000e0000000)
  object space 75776K, 23% used [0x00000000a0000000,0x00000000a1114690,0x00000000a4a00000)
 Metaspace       used 43077K, capacity 44348K, committed 44672K, reserved 1087488K
  class space    used 5849K, capacity 6147K, committed 6272K, reserved 1048576K
}
Event: 18.647 GC heap before
{Heap before GC invocations=15 (full 2):
 PSYoungGen      total 126464K, used 126095K [0x00000000e0000000, 0x00000000e9a80000, 0x0000000100000000)
  eden space 115200K, 100% used [0x00000000e0000000,0x00000000e7080000,0x00000000e7080000)
  from space 11264K, 96% used [0x00000000e8f80000,0x00000000e9a23ca0,0x00000000e9a80000)
  to   space 12800K, 0% used [0x00000000e8180000,0x00000000e8180000,0x00000000e8e00000)
 ParOldGen       total 75776K, used 17489K [0x00000000a0000000, 0x00000000a4a00000, 0x00000000e0000000)
  object space 75776K, 23% used [0x00000000a0000000,0x00000000a1114690,0x00000000a4a00000)
 Metaspace       used 52186K, capacity 53960K, committed 54272K, reserved 1095680K
  class space    used 7118K, capacity 7560K, committed 7680K, reserved 1048576K
Event: 18.677 GC heap after
Heap after GC invocations=15 (full 2):
 PSYoungGen      total 145408K, used 12796K [0x00000000e0000000, 0x00000000ead00000, 0x0000000100000000)
  eden space 132608K, 0% used [0x00000000e0000000,0x00000000e0000000,0x00000000e8180000)
  from space 12800K, 99% used [0x00000000e8180000,0x00000000e8dff310,0x00000000e8e00000)
  to   space 16384K, 0% used [0x00000000e9d00000,0x00000000e9d00000,0x00000000ead00000)
 ParOldGen       total 75776K, used 23641K [0x00000000a0000000, 0x00000000a4a00000, 0x00000000e0000000)
  object space 75776K, 31% used [0x00000000a0000000,0x00000000a17164e8,0x00000000a4a00000)
 Metaspace       used 52186K, capacity 53960K, committed 54272K, reserved 1095680K
  class space    used 7118K, capacity 7560K, committed 7680K, reserved 1048576K
}
Event: 22.190 GC heap before
{Heap before GC invocations=16 (full 2):
 PSYoungGen      total 145408K, used 131718K [0x00000000e0000000, 0x00000000ead00000, 0x0000000100000000)
  eden space 132608K, 89% used [0x00000000e0000000,0x00000000e74225a0,0x00000000e8180000)
  from space 12800K, 99% used [0x00000000e8180000,0x00000000e8dff310,0x00000000e8e00000)
  to   space 16384K, 0% used [0x00000000e9d00000,0x00000000e9d00000,0x00000000ead00000)
 ParOldGen       total 75776K, used 23641K [0x00000000a0000000, 0x00000000a4a00000, 0x00000000e0000000)
  object space 75776K, 31% used [0x00000000a0000000,0x00000000a17164e8,0x00000000a4a00000)
 Metaspace       used 57092K, capacity 59080K, committed 59136K, reserved 1099776K
  class space    used 7940K, capacity 8399K, committed 8448K, reserved 1048576K
Event: 22.237 GC heap after
Heap after GC invocations=16 (full 2):
 PSYoungGen      total 160768K, used 9375K [0x00000000e0000000, 0x00000000ebf80000, 0x0000000100000000)
  eden space 144384K, 0% used [0x00000000e0000000,0x00000000e0000000,0x00000000e8d00000)
  from space 16384K, 57% used [0x00000000e9d00000,0x00000000ea627c70,0x00000000ead00000)
  to   space 16384K, 0% used [0x00000000e8d00000,0x00000000e8d00000,0x00000000e9d00000)
 ParOldGen       total 75776K, used 36091K [0x00000000a0000000, 0x00000000a4a00000, 0x00000000e0000000)
  object space 75776K, 47% used [0x00000000a0000000,0x00000000a233ee10,0x00000000a4a00000)
 Metaspace       used 57092K, capacity 59080K, committed 59136K, reserved 1099776K
  class space    used 7940K, capacity 8399K, committed 8448K, reserved 1048576K
}
Event: 22.238 GC heap before
{Heap before GC invocations=17 (full 3):
 PSYoungGen      total 160768K, used 9375K [0x00000000e0000000, 0x00000000ebf80000, 0x0000000100000000)
  eden space 144384K, 0% used [0x00000000e0000000,0x00000000e0000000,0x00000000e8d00000)
  from space 16384K, 57% used [0x00000000e9d00000,0x00000000ea627c70,0x00000000ead00000)
  to   space 16384K, 0% used [0x00000000e8d00000,0x00000000e8d00000,0x00000000e9d00000)
 ParOldGen       total 75776K, used 36091K [0x00000000a0000000, 0x00000000a4a00000, 0x00000000e0000000)
  object space 75776K, 47% used [0x00000000a0000000,0x00000000a233ee10,0x00000000a4a00000)
 Metaspace       used 57092K, capacity 59080K, committed 59136K, reserved 1099776K
  class space    used 7940K, capacity 8399K, committed 8448K, reserved 1048576K
Event: 22.855 GC heap after
Heap after GC invocations=17 (full 3):
 PSYoungGen      total 160768K, used 0K [0x00000000e0000000, 0x00000000ebf80000, 0x0000000100000000)
  eden space 144384K, 0% used [0x00000000e0000000,0x00000000e0000000,0x00000000e8d00000)
  from space 16384K, 0% used [0x00000000e9d00000,0x00000000e9d00000,0x00000000ead00000)
  to   space 16384K, 0% used [0x00000000e8d00000,0x00000000e8d00000,0x00000000e9d00000)
 ParOldGen       total 121344K, used 37636K [0x00000000a0000000, 0x00000000a7680000, 0x00000000e0000000)
  object space 121344K, 31% used [0x00000000a0000000,0x00000000a24c11d0,0x00000000a7680000)
 Metaspace       used 57084K, capacity 59056K, committed 59136K, reserved 1099776K
  class space    used 7938K, capacity 8395K, committed 8448K, reserved 1048576K
}
Event: 29.231 GC heap before
{Heap before GC invocations=18 (full 3):
 PSYoungGen      total 160768K, used 144384K [0x00000000e0000000, 0x00000000ebf80000, 0x0000000100000000)
  eden space 144384K, 100% used [0x00000000e0000000,0x00000000e8d00000,0x00000000e8d00000)
  from space 16384K, 0% used [0x00000000e9d00000,0x00000000e9d00000,0x00000000ead00000)
  to   space 16384K, 0% used [0x00000000e8d00000,0x00000000e8d00000,0x00000000e9d00000)
 ParOldGen       total 121344K, used 37636K [0x00000000a0000000, 0x00000000a7680000, 0x00000000e0000000)
  object space 121344K, 31% used [0x00000000a0000000,0x00000000a24c11d0,0x00000000a7680000)
 Metaspace       used 65608K, capacity 68054K, committed 68352K, reserved 1107968K
  class space    used 9105K, capacity 9629K, committed 9728K, reserved 1048576K
Event: 29.252 GC heap after
Heap after GC invocations=18 (full 3):
 PSYoungGen      total 160768K, used 14245K [0x00000000e0000000, 0x00000000ec900000, 0x0000000100000000)
  eden space 144384K, 0% used [0x00000000e0000000,0x00000000e0000000,0x00000000e8d00000)
  from space 16384K, 86% used [0x00000000e8d00000,0x00000000e9ae96e8,0x00000000e9d00000)
  to   space 17920K, 0% used [0x00000000eb780000,0x00000000eb780000,0x00000000ec900000)
 ParOldGen       total 121344K, used 37644K [0x00000000a0000000, 0x00000000a7680000, 0x00000000e0000000)
  object space 121344K, 31% used [0x00000000a0000000,0x00000000a24c31d0,0x00000000a7680000)
 Metaspace       used 65608K, capacity 68054K, committed 68352K, reserved 1107968K
  class space    used 9105K, capacity 9629K, committed 9728K, reserved 1048576K
}

